{"/Users/chimezienwagbo/lendsqr-fe-test/src/App.tsx": {"path":"/Users/chimezienwagbo/lendsqr-fe-test/src/App.tsx","all":true,"statementMap":{"0":{"start":{"line":1,"column":0},"end":{"line":1,"column":43}},"1":{"start":{"line":2,"column":0},"end":{"line":2,"column":67}},"3":{"start":{"line":4,"column":0},"end":{"line":4,"column":42}},"5":{"start":{"line":6,"column":0},"end":{"line":6,"column":19}},"6":{"start":{"line":7,"column":0},"end":{"line":7,"column":10}},"7":{"start":{"line":8,"column":0},"end":{"line":8,"column":18}},"8":{"start":{"line":9,"column":0},"end":{"line":9,"column":14}},"9":{"start":{"line":10,"column":0},"end":{"line":10,"column":23}},"10":{"start":{"line":11,"column":0},"end":{"line":11,"column":25}},"11":{"start":{"line":12,"column":0},"end":{"line":12,"column":20}},"12":{"start":{"line":13,"column":0},"end":{"line":13,"column":24}},"13":{"start":{"line":14,"column":0},"end":{"line":14,"column":33}},"14":{"start":{"line":15,"column":0},"end":{"line":15,"column":32}},"15":{"start":{"line":16,"column":0},"end":{"line":16,"column":14}},"16":{"start":{"line":17,"column":0},"end":{"line":17,"column":12}},"17":{"start":{"line":18,"column":0},"end":{"line":18,"column":18}},"18":{"start":{"line":19,"column":0},"end":{"line":19,"column":24}},"19":{"start":{"line":20,"column":0},"end":{"line":20,"column":33}},"20":{"start":{"line":21,"column":0},"end":{"line":21,"column":32}},"21":{"start":{"line":22,"column":0},"end":{"line":22,"column":14}},"22":{"start":{"line":23,"column":0},"end":{"line":23,"column":12}},"23":{"start":{"line":24,"column":0},"end":{"line":24,"column":10}},"24":{"start":{"line":25,"column":0},"end":{"line":25,"column":8}},"25":{"start":{"line":26,"column":0},"end":{"line":26,"column":19}},"26":{"start":{"line":27,"column":0},"end":{"line":27,"column":19}},"28":{"start":{"line":29,"column":0},"end":{"line":29,"column":2}},"30":{"start":{"line":31,"column":0},"end":{"line":31,"column":19}}},"s":{"0":0,"1":0,"3":0,"5":0,"6":0,"7":0,"8":0,"9":0,"10":0,"11":0,"12":0,"13":0,"14":0,"15":0,"16":0,"17":0,"18":0,"19":0,"20":0,"21":0,"22":0,"23":0,"24":0,"25":0,"26":0,"28":0,"30":0},"branchMap":{"0":{"type":"branch","line":1,"loc":{"start":{"line":1,"column":640},"end":{"line":31,"column":19}},"locations":[{"start":{"line":1,"column":640},"end":{"line":31,"column":19}}]}},"b":{"0":[0]},"fnMap":{"0":{"name":"(empty-report)","decl":{"start":{"line":1,"column":640},"end":{"line":31,"column":19}},"loc":{"start":{"line":1,"column":640},"end":{"line":31,"column":19}},"line":1}},"f":{"0":0}}
,"/Users/chimezienwagbo/lendsqr-fe-test/src/main.tsx": {"path":"/Users/chimezienwagbo/lendsqr-fe-test/src/main.tsx","all":true,"statementMap":{"0":{"start":{"line":1,"column":0},"end":{"line":1,"column":35}},"1":{"start":{"line":2,"column":0},"end":{"line":2,"column":46}},"2":{"start":{"line":3,"column":0},"end":{"line":3,"column":63}},"4":{"start":{"line":5,"column":0},"end":{"line":5,"column":28}},"6":{"start":{"line":7,"column":0},"end":{"line":7,"column":52}},"7":{"start":{"line":8,"column":0},"end":{"line":8,"column":14}},"8":{"start":{"line":9,"column":0},"end":{"line":9,"column":21}},"9":{"start":{"line":10,"column":0},"end":{"line":10,"column":13}},"10":{"start":{"line":11,"column":0},"end":{"line":11,"column":22}},"11":{"start":{"line":12,"column":0},"end":{"line":12,"column":15}},"12":{"start":{"line":13,"column":0},"end":{"line":13,"column":2}}},"s":{"0":0,"1":0,"2":0,"4":0,"6":0,"7":0,"8":0,"9":0,"10":0,"11":0,"12":0},"branchMap":{"0":{"type":"branch","line":1,"loc":{"start":{"line":1,"column":274},"end":{"line":13,"column":-175}},"locations":[{"start":{"line":1,"column":274},"end":{"line":13,"column":-175}}]}},"b":{"0":[0]},"fnMap":{"0":{"name":"(empty-report)","decl":{"start":{"line":1,"column":274},"end":{"line":13,"column":-175}},"loc":{"start":{"line":1,"column":274},"end":{"line":13,"column":-175}},"line":1}},"f":{"0":0}}
,"/Users/chimezienwagbo/lendsqr-fe-test/src/components/avatar/Avatar.tsx": {"path":"/Users/chimezienwagbo/lendsqr-fe-test/src/components/avatar/Avatar.tsx","all":false,"statementMap":{"0":{"start":{"line":1,"column":0},"end":{"line":1,"column":26}},"1":{"start":{"line":2,"column":0},"end":{"line":2,"column":23}},"14":{"start":{"line":15,"column":0},"end":{"line":15,"column":40}},"15":{"start":{"line":16,"column":0},"end":{"line":16,"column":6}},"16":{"start":{"line":17,"column":0},"end":{"line":17,"column":6}},"17":{"start":{"line":18,"column":0},"end":{"line":18,"column":12}},"18":{"start":{"line":19,"column":0},"end":{"line":19,"column":14}},"19":{"start":{"line":20,"column":0},"end":{"line":20,"column":10}},"20":{"start":{"line":21,"column":0},"end":{"line":21,"column":7}},"22":{"start":{"line":23,"column":0},"end":{"line":23,"column":45}},"23":{"start":{"line":24,"column":0},"end":{"line":24,"column":45}},"24":{"start":{"line":25,"column":0},"end":{"line":25,"column":68}},"25":{"start":{"line":26,"column":0},"end":{"line":26,"column":67}},"26":{"start":{"line":27,"column":0},"end":{"line":27,"column":4}},"28":{"start":{"line":29,"column":0},"end":{"line":29,"column":10}},"29":{"start":{"line":30,"column":0},"end":{"line":30,"column":64}},"30":{"start":{"line":31,"column":0},"end":{"line":31,"column":14}},"31":{"start":{"line":32,"column":0},"end":{"line":32,"column":69}},"33":{"start":{"line":34,"column":0},"end":{"line":34,"column":69}},"35":{"start":{"line":36,"column":0},"end":{"line":36,"column":10}},"37":{"start":{"line":38,"column":0},"end":{"line":38,"column":2}},"39":{"start":{"line":40,"column":0},"end":{"line":40,"column":22}}},"s":{"0":1,"1":1,"14":1,"15":10,"16":10,"17":10,"18":10,"19":10,"20":10,"22":10,"23":4,"24":4,"25":3,"26":4,"28":10,"29":10,"30":10,"31":6,"33":4,"35":10,"37":10,"39":1},"branchMap":{"0":{"type":"branch","line":15,"loc":{"start":{"line":15,"column":38},"end":{"line":38,"column":2}},"locations":[{"start":{"line":15,"column":38},"end":{"line":38,"column":2}}]},"1":{"type":"branch","line":31,"loc":{"start":{"line":31,"column":7},"end":{"line":32,"column":69}},"locations":[{"start":{"line":31,"column":7},"end":{"line":32,"column":69}}]},"2":{"type":"branch","line":32,"loc":{"start":{"line":32,"column":28},"end":{"line":32,"column":41}},"locations":[{"start":{"line":32,"column":28},"end":{"line":32,"column":41}}]},"3":{"type":"branch","line":32,"loc":{"start":{"line":32,"column":67},"end":{"line":34,"column":69}},"locations":[{"start":{"line":32,"column":67},"end":{"line":34,"column":69}}]},"4":{"type":"branch","line":23,"loc":{"start":{"line":23,"column":22},"end":{"line":27,"column":4}},"locations":[{"start":{"line":23,"column":22},"end":{"line":27,"column":4}}]},"5":{"type":"branch","line":25,"loc":{"start":{"line":25,"column":28},"end":{"line":25,"column":68}},"locations":[{"start":{"line":25,"column":28},"end":{"line":25,"column":68}}]},"6":{"type":"branch","line":25,"loc":{"start":{"line":25,"column":66},"end":{"line":26,"column":67}},"locations":[{"start":{"line":25,"column":66},"end":{"line":26,"column":67}}]}},"b":{"0":[10],"1":[6],"2":[5],"3":[4],"4":[4],"5":[1],"6":[3]},"fnMap":{"0":{"name":"Avatar","decl":{"start":{"line":15,"column":38},"end":{"line":38,"column":2}},"loc":{"start":{"line":15,"column":38},"end":{"line":38,"column":2}},"line":15},"1":{"name":"getInitials","decl":{"start":{"line":23,"column":22},"end":{"line":27,"column":4}},"loc":{"start":{"line":23,"column":22},"end":{"line":27,"column":4}},"line":23}},"f":{"0":10,"1":4}}
,"/Users/chimezienwagbo/lendsqr-fe-test/src/components/button/Button.tsx": {"path":"/Users/chimezienwagbo/lendsqr-fe-test/src/components/button/Button.tsx","all":false,"statementMap":{"0":{"start":{"line":1,"column":0},"end":{"line":1,"column":26}},"1":{"start":{"line":2,"column":0},"end":{"line":2,"column":23}},"16":{"start":{"line":17,"column":0},"end":{"line":17,"column":40}},"17":{"start":{"line":18,"column":0},"end":{"line":18,"column":11}},"18":{"start":{"line":19,"column":0},"end":{"line":19,"column":22}},"19":{"start":{"line":20,"column":0},"end":{"line":20,"column":14}},"20":{"start":{"line":21,"column":0},"end":{"line":21,"column":20}},"21":{"start":{"line":22,"column":0},"end":{"line":22,"column":11}},"22":{"start":{"line":23,"column":0},"end":{"line":23,"column":9}},"23":{"start":{"line":24,"column":0},"end":{"line":24,"column":7}},"24":{"start":{"line":25,"column":0},"end":{"line":25,"column":10}},"25":{"start":{"line":26,"column":0},"end":{"line":26,"column":11}},"26":{"start":{"line":27,"column":0},"end":{"line":27,"column":52}},"27":{"start":{"line":28,"column":0},"end":{"line":28,"column":38}},"28":{"start":{"line":29,"column":0},"end":{"line":29,"column":15}},"30":{"start":{"line":31,"column":0},"end":{"line":31,"column":68}},"31":{"start":{"line":32,"column":0},"end":{"line":32,"column":13}},"33":{"start":{"line":34,"column":0},"end":{"line":34,"column":2}},"35":{"start":{"line":36,"column":0},"end":{"line":36,"column":22}}},"s":{"0":1,"1":1,"16":1,"17":16,"18":16,"19":16,"20":16,"21":16,"22":16,"23":16,"24":16,"25":16,"26":16,"27":16,"28":16,"30":16,"31":16,"33":16,"35":1},"branchMap":{"0":{"type":"branch","line":17,"loc":{"start":{"line":17,"column":38},"end":{"line":34,"column":2}},"locations":[{"start":{"line":17,"column":38},"end":{"line":34,"column":2}}]},"1":{"type":"branch","line":28,"loc":{"start":{"line":28,"column":16},"end":{"line":28,"column":38}},"locations":[{"start":{"line":28,"column":16},"end":{"line":28,"column":38}}]},"2":{"type":"branch","line":31,"loc":{"start":{"line":31,"column":7},"end":{"line":31,"column":59}},"locations":[{"start":{"line":31,"column":7},"end":{"line":31,"column":59}}]},"3":{"type":"branch","line":31,"loc":{"start":{"line":31,"column":49},"end":{"line":31,"column":68}},"locations":[{"start":{"line":31,"column":49},"end":{"line":31,"column":68}}]}},"b":{"0":[16],"1":[15],"2":[1],"3":[15]},"fnMap":{"0":{"name":"Button","decl":{"start":{"line":17,"column":38},"end":{"line":34,"column":2}},"loc":{"start":{"line":17,"column":38},"end":{"line":34,"column":2}},"line":17}},"f":{"0":16}}
,"/Users/chimezienwagbo/lendsqr-fe-test/src/components/hamburger/Hamburger.tsx": {"path":"/Users/chimezienwagbo/lendsqr-fe-test/src/components/hamburger/Hamburger.tsx","all":false,"statementMap":{"0":{"start":{"line":1,"column":0},"end":{"line":1,"column":26}},"1":{"start":{"line":2,"column":0},"end":{"line":2,"column":26}},"12":{"start":{"line":13,"column":0},"end":{"line":13,"column":46}},"13":{"start":{"line":14,"column":0},"end":{"line":14,"column":9}},"14":{"start":{"line":15,"column":0},"end":{"line":15,"column":10}},"15":{"start":{"line":16,"column":0},"end":{"line":16,"column":12}},"16":{"start":{"line":17,"column":0},"end":{"line":17,"column":7}},"17":{"start":{"line":18,"column":0},"end":{"line":18,"column":10}},"18":{"start":{"line":19,"column":0},"end":{"line":19,"column":11}},"19":{"start":{"line":20,"column":0},"end":{"line":20,"column":64}},"20":{"start":{"line":21,"column":0},"end":{"line":21,"column":23}},"21":{"start":{"line":22,"column":0},"end":{"line":22,"column":30}},"22":{"start":{"line":23,"column":0},"end":{"line":23,"column":43}},"24":{"start":{"line":25,"column":0},"end":{"line":25,"column":67}},"25":{"start":{"line":26,"column":0},"end":{"line":26,"column":67}},"26":{"start":{"line":27,"column":0},"end":{"line":27,"column":67}},"27":{"start":{"line":28,"column":0},"end":{"line":28,"column":13}},"29":{"start":{"line":30,"column":0},"end":{"line":30,"column":2}},"31":{"start":{"line":32,"column":0},"end":{"line":32,"column":25}}},"s":{"0":1,"1":1,"12":1,"13":5,"14":5,"15":5,"16":5,"17":5,"18":5,"19":5,"20":5,"21":5,"22":5,"24":5,"25":5,"26":5,"27":5,"29":5,"31":1},"branchMap":{"0":{"type":"branch","line":13,"loc":{"start":{"line":13,"column":44},"end":{"line":30,"column":2}},"locations":[{"start":{"line":13,"column":44},"end":{"line":30,"column":2}}]},"1":{"type":"branch","line":20,"loc":{"start":{"line":20,"column":30},"end":{"line":20,"column":59}},"locations":[{"start":{"line":20,"column":30},"end":{"line":20,"column":59}}]},"2":{"type":"branch","line":20,"loc":{"start":{"line":20,"column":39},"end":{"line":20,"column":61}},"locations":[{"start":{"line":20,"column":39},"end":{"line":20,"column":61}}]}},"b":{"0":[5],"1":[1],"2":[4]},"fnMap":{"0":{"name":"Hamburger","decl":{"start":{"line":13,"column":44},"end":{"line":30,"column":2}},"loc":{"start":{"line":13,"column":44},"end":{"line":30,"column":2}},"line":13}},"f":{"0":5}}
,"/Users/chimezienwagbo/lendsqr-fe-test/src/components/input/Input.tsx": {"path":"/Users/chimezienwagbo/lendsqr-fe-test/src/components/input/Input.tsx","all":false,"statementMap":{"0":{"start":{"line":1,"column":0},"end":{"line":1,"column":33}},"1":{"start":{"line":2,"column":0},"end":{"line":2,"column":22}},"10":{"start":{"line":11,"column":0},"end":{"line":11,"column":38}},"11":{"start":{"line":12,"column":0},"end":{"line":12,"column":8}},"12":{"start":{"line":13,"column":0},"end":{"line":13,"column":8}},"13":{"start":{"line":14,"column":0},"end":{"line":14,"column":13}},"14":{"start":{"line":15,"column":0},"end":{"line":15,"column":5}},"15":{"start":{"line":16,"column":0},"end":{"line":16,"column":11}},"16":{"start":{"line":17,"column":0},"end":{"line":17,"column":7}},"17":{"start":{"line":18,"column":0},"end":{"line":18,"column":9}},"18":{"start":{"line":19,"column":0},"end":{"line":19,"column":7}},"19":{"start":{"line":20,"column":0},"end":{"line":20,"column":34}},"21":{"start":{"line":22,"column":0},"end":{"line":22,"column":57}},"23":{"start":{"line":24,"column":0},"end":{"line":24,"column":48}},"24":{"start":{"line":25,"column":0},"end":{"line":25,"column":23}},"25":{"start":{"line":26,"column":0},"end":{"line":26,"column":59}},"26":{"start":{"line":27,"column":0},"end":{"line":27,"column":4}},"28":{"start":{"line":29,"column":0},"end":{"line":29,"column":10}},"29":{"start":{"line":30,"column":0},"end":{"line":30,"column":60}},"30":{"start":{"line":31,"column":0},"end":{"line":31,"column":17}},"31":{"start":{"line":32,"column":0},"end":{"line":32,"column":58}},"32":{"start":{"line":33,"column":0},"end":{"line":33,"column":74}},"33":{"start":{"line":34,"column":0},"end":{"line":34,"column":16}},"36":{"start":{"line":37,"column":0},"end":{"line":37,"column":38}},"37":{"start":{"line":38,"column":0},"end":{"line":38,"column":14}},"38":{"start":{"line":39,"column":0},"end":{"line":39,"column":22}},"39":{"start":{"line":40,"column":0},"end":{"line":40,"column":34}},"40":{"start":{"line":41,"column":0},"end":{"line":41,"column":58}},"41":{"start":{"line":42,"column":0},"end":{"line":42,"column":19}},"42":{"start":{"line":43,"column":0},"end":{"line":43,"column":17}},"43":{"start":{"line":44,"column":0},"end":{"line":44,"column":33}},"44":{"start":{"line":45,"column":0},"end":{"line":45,"column":41}},"45":{"start":{"line":46,"column":0},"end":{"line":46,"column":59}},"46":{"start":{"line":47,"column":0},"end":{"line":47,"column":19}},"48":{"start":{"line":49,"column":0},"end":{"line":49,"column":12}},"50":{"start":{"line":51,"column":0},"end":{"line":51,"column":16}},"51":{"start":{"line":52,"column":0},"end":{"line":52,"column":52}},"52":{"start":{"line":53,"column":0},"end":{"line":53,"column":24}},"53":{"start":{"line":54,"column":0},"end":{"line":54,"column":58}},"54":{"start":{"line":55,"column":0},"end":{"line":55,"column":15}},"55":{"start":{"line":56,"column":0},"end":{"line":56,"column":10}},"57":{"start":{"line":58,"column":0},"end":{"line":58,"column":2}},"59":{"start":{"line":60,"column":0},"end":{"line":60,"column":21}}},"s":{"0":1,"1":1,"10":1,"11":22,"12":22,"13":22,"14":22,"15":22,"16":22,"17":22,"18":22,"19":22,"21":22,"23":22,"24":2,"25":2,"26":2,"28":22,"29":22,"30":22,"31":7,"32":7,"33":7,"36":22,"37":22,"38":22,"39":22,"40":22,"41":22,"42":22,"43":22,"44":10,"45":10,"46":10,"48":22,"50":22,"51":2,"52":20,"53":1,"54":19,"55":22,"57":22,"59":1},"branchMap":{"0":{"type":"branch","line":11,"loc":{"start":{"line":11,"column":36},"end":{"line":58,"column":2}},"locations":[{"start":{"line":11,"column":36},"end":{"line":58,"column":2}}]},"1":{"type":"branch","line":30,"loc":{"start":{"line":30,"column":29},"end":{"line":30,"column":54}},"locations":[{"start":{"line":30,"column":29},"end":{"line":30,"column":54}}]},"2":{"type":"branch","line":30,"loc":{"start":{"line":30,"column":37},"end":{"line":30,"column":56}},"locations":[{"start":{"line":30,"column":37},"end":{"line":30,"column":56}}]},"3":{"type":"branch","line":31,"loc":{"start":{"line":31,"column":7},"end":{"line":34,"column":16}},"locations":[{"start":{"line":31,"column":7},"end":{"line":34,"column":16}}]},"4":{"type":"branch","line":33,"loc":{"start":{"line":33,"column":19},"end":{"line":33,"column":74}},"locations":[{"start":{"line":33,"column":19},"end":{"line":33,"column":74}}]},"5":{"type":"branch","line":41,"loc":{"start":{"line":41,"column":25},"end":{"line":41,"column":53}},"locations":[{"start":{"line":41,"column":25},"end":{"line":41,"column":53}}]},"6":{"type":"branch","line":41,"loc":{"start":{"line":41,"column":38},"end":{"line":41,"column":58}},"locations":[{"start":{"line":41,"column":38},"end":{"line":41,"column":58}}]},"7":{"type":"branch","line":44,"loc":{"start":{"line":44,"column":18},"end":{"line":47,"column":19}},"locations":[{"start":{"line":44,"column":18},"end":{"line":47,"column":19}}]},"8":{"type":"branch","line":46,"loc":{"start":{"line":46,"column":30},"end":{"line":46,"column":52}},"locations":[{"start":{"line":46,"column":30},"end":{"line":46,"column":52}}]},"9":{"type":"branch","line":46,"loc":{"start":{"line":46,"column":43},"end":{"line":46,"column":59}},"locations":[{"start":{"line":46,"column":43},"end":{"line":46,"column":59}}]},"10":{"type":"branch","line":51,"loc":{"start":{"line":51,"column":7},"end":{"line":52,"column":52}},"locations":[{"start":{"line":51,"column":7},"end":{"line":52,"column":52}}]},"11":{"type":"branch","line":52,"loc":{"start":{"line":52,"column":48},"end":{"line":55,"column":15}},"locations":[{"start":{"line":52,"column":48},"end":{"line":55,"column":15}}]},"12":{"type":"branch","line":53,"loc":{"start":{"line":53,"column":10},"end":{"line":54,"column":58}},"locations":[{"start":{"line":53,"column":10},"end":{"line":54,"column":58}}]},"13":{"type":"branch","line":54,"loc":{"start":{"line":54,"column":54},"end":{"line":55,"column":15}},"locations":[{"start":{"line":54,"column":54},"end":{"line":55,"column":15}}]},"14":{"type":"branch","line":24,"loc":{"start":{"line":24,"column":23},"end":{"line":27,"column":4}},"locations":[{"start":{"line":24,"column":23},"end":{"line":27,"column":4}}]},"15":{"type":"branch","line":26,"loc":{"start":{"line":26,"column":37},"end":{"line":26,"column":53}},"locations":[{"start":{"line":26,"column":37},"end":{"line":26,"column":53}}]},"16":{"type":"branch","line":26,"loc":{"start":{"line":26,"column":44},"end":{"line":26,"column":57}},"locations":[{"start":{"line":26,"column":44},"end":{"line":26,"column":57}}]}},"b":{"0":[22],"1":[2],"2":[20],"3":[7],"4":[1],"5":[10],"6":[12],"7":[10],"8":[9],"9":[1],"10":[2],"11":[20],"12":[1],"13":[19],"14":[2],"15":[1],"16":[1]},"fnMap":{"0":{"name":"Input","decl":{"start":{"line":11,"column":36},"end":{"line":58,"column":2}},"loc":{"start":{"line":11,"column":36},"end":{"line":58,"column":2}},"line":11},"1":{"name":"handleToggle","decl":{"start":{"line":24,"column":23},"end":{"line":27,"column":4}},"loc":{"start":{"line":24,"column":23},"end":{"line":27,"column":4}},"line":24}},"f":{"0":22,"1":2}}
,"/Users/chimezienwagbo/lendsqr-fe-test/src/components/kebabMenu/KebabMenu.tsx": {"path":"/Users/chimezienwagbo/lendsqr-fe-test/src/components/kebabMenu/KebabMenu.tsx","all":false,"statementMap":{"0":{"start":{"line":1,"column":0},"end":{"line":1,"column":59}},"1":{"start":{"line":2,"column":0},"end":{"line":2,"column":33}},"2":{"start":{"line":3,"column":0},"end":{"line":3,"column":26}},"15":{"start":{"line":16,"column":0},"end":{"line":16,"column":67}},"16":{"start":{"line":17,"column":0},"end":{"line":17,"column":42}},"17":{"start":{"line":18,"column":0},"end":{"line":18,"column":59}},"18":{"start":{"line":19,"column":0},"end":{"line":19,"column":77}},"19":{"start":{"line":20,"column":0},"end":{"line":20,"column":8}},"20":{"start":{"line":21,"column":0},"end":{"line":21,"column":4}},"22":{"start":{"line":23,"column":0},"end":{"line":23,"column":46}},"24":{"start":{"line":25,"column":0},"end":{"line":25,"column":19}},"25":{"start":{"line":26,"column":0},"end":{"line":26,"column":22}},"27":{"start":{"line":28,"column":0},"end":{"line":28,"column":37}},"28":{"start":{"line":29,"column":0},"end":{"line":29,"column":24}},"31":{"start":{"line":32,"column":0},"end":{"line":32,"column":48}},"34":{"start":{"line":35,"column":0},"end":{"line":35,"column":51}},"35":{"start":{"line":36,"column":0},"end":{"line":36,"column":68}},"37":{"start":{"line":38,"column":0},"end":{"line":38,"column":29}},"40":{"start":{"line":41,"column":0},"end":{"line":41,"column":44}},"41":{"start":{"line":42,"column":0},"end":{"line":42,"column":62}},"44":{"start":{"line":45,"column":0},"end":{"line":45,"column":72}},"45":{"start":{"line":46,"column":0},"end":{"line":46,"column":66}},"46":{"start":{"line":47,"column":0},"end":{"line":47,"column":21}},"47":{"start":{"line":48,"column":0},"end":{"line":48,"column":6}},"49":{"start":{"line":50,"column":0},"end":{"line":50,"column":46}},"50":{"start":{"line":51,"column":0},"end":{"line":51,"column":46}},"52":{"start":{"line":53,"column":0},"end":{"line":53,"column":56}},"53":{"start":{"line":54,"column":0},"end":{"line":54,"column":87}},"54":{"start":{"line":55,"column":0},"end":{"line":55,"column":52}},"56":{"start":{"line":57,"column":0},"end":{"line":57,"column":18}},"57":{"start":{"line":58,"column":0},"end":{"line":58,"column":61}},"58":{"start":{"line":59,"column":0},"end":{"line":59,"column":63}},"59":{"start":{"line":60,"column":0},"end":{"line":60,"column":57}},"60":{"start":{"line":61,"column":0},"end":{"line":61,"column":6}},"61":{"start":{"line":62,"column":0},"end":{"line":62,"column":13}},"64":{"start":{"line":65,"column":0},"end":{"line":65,"column":18}},"65":{"start":{"line":66,"column":0},"end":{"line":66,"column":18}},"66":{"start":{"line":67,"column":0},"end":{"line":67,"column":30}},"67":{"start":{"line":68,"column":0},"end":{"line":68,"column":13}},"68":{"start":{"line":69,"column":0},"end":{"line":69,"column":38}},"69":{"start":{"line":70,"column":0},"end":{"line":70,"column":51}},"70":{"start":{"line":71,"column":0},"end":{"line":71,"column":20}},"71":{"start":{"line":72,"column":0},"end":{"line":72,"column":32}},"72":{"start":{"line":73,"column":0},"end":{"line":73,"column":30}},"73":{"start":{"line":74,"column":0},"end":{"line":74,"column":32}},"74":{"start":{"line":75,"column":0},"end":{"line":75,"column":44}},"75":{"start":{"line":76,"column":0},"end":{"line":76,"column":27}},"76":{"start":{"line":77,"column":0},"end":{"line":77,"column":14}},"78":{"start":{"line":79,"column":0},"end":{"line":79,"column":38}},"79":{"start":{"line":80,"column":0},"end":{"line":80,"column":17}},"80":{"start":{"line":81,"column":0},"end":{"line":81,"column":23}},"81":{"start":{"line":82,"column":0},"end":{"line":82,"column":44}},"82":{"start":{"line":83,"column":0},"end":{"line":83,"column":32}},"83":{"start":{"line":84,"column":0},"end":{"line":84,"column":33}},"84":{"start":{"line":85,"column":0},"end":{"line":85,"column":44}},"85":{"start":{"line":86,"column":0},"end":{"line":86,"column":18}},"87":{"start":{"line":88,"column":0},"end":{"line":88,"column":30}},"88":{"start":{"line":89,"column":0},"end":{"line":89,"column":22}},"89":{"start":{"line":90,"column":0},"end":{"line":90,"column":34}},"90":{"start":{"line":91,"column":0},"end":{"line":91,"column":35}},"91":{"start":{"line":92,"column":0},"end":{"line":92,"column":48}},"92":{"start":{"line":93,"column":0},"end":{"line":93,"column":20}},"94":{"start":{"line":95,"column":0},"end":{"line":95,"column":40}},"95":{"start":{"line":96,"column":0},"end":{"line":96,"column":19}},"96":{"start":{"line":97,"column":0},"end":{"line":97,"column":15}},"97":{"start":{"line":98,"column":0},"end":{"line":98,"column":16}},"98":{"start":{"line":99,"column":0},"end":{"line":99,"column":23}},"99":{"start":{"line":100,"column":0},"end":{"line":100,"column":9}},"100":{"start":{"line":101,"column":0},"end":{"line":101,"column":13}},"102":{"start":{"line":103,"column":0},"end":{"line":103,"column":10}},"103":{"start":{"line":104,"column":0},"end":{"line":104,"column":6}},"104":{"start":{"line":105,"column":0},"end":{"line":105,"column":34}},"105":{"start":{"line":106,"column":0},"end":{"line":106,"column":15}},"106":{"start":{"line":107,"column":0},"end":{"line":107,"column":25}},"107":{"start":{"line":108,"column":0},"end":{"line":108,"column":40}},"108":{"start":{"line":109,"column":0},"end":{"line":109,"column":30}},"109":{"start":{"line":110,"column":0},"end":{"line":110,"column":30}},"110":{"start":{"line":111,"column":0},"end":{"line":111,"column":30}},"112":{"start":{"line":113,"column":0},"end":{"line":113,"column":14}},"113":{"start":{"line":114,"column":0},"end":{"line":114,"column":21}},"114":{"start":{"line":115,"column":0},"end":{"line":115,"column":23}},"115":{"start":{"line":116,"column":0},"end":{"line":116,"column":30}},"116":{"start":{"line":117,"column":0},"end":{"line":117,"column":23}},"117":{"start":{"line":118,"column":0},"end":{"line":118,"column":46}},"119":{"start":{"line":120,"column":0},"end":{"line":120,"column":17}},"120":{"start":{"line":121,"column":0},"end":{"line":121,"column":567}},"121":{"start":{"line":122,"column":0},"end":{"line":122,"column":28}},"122":{"start":{"line":123,"column":0},"end":{"line":123,"column":14}},"123":{"start":{"line":124,"column":0},"end":{"line":124,"column":16}},"124":{"start":{"line":125,"column":0},"end":{"line":125,"column":17}},"125":{"start":{"line":126,"column":0},"end":{"line":126,"column":12}},"127":{"start":{"line":128,"column":0},"end":{"line":128,"column":16}},"128":{"start":{"line":129,"column":0},"end":{"line":129,"column":7}},"130":{"start":{"line":131,"column":0},"end":{"line":131,"column":2}},"132":{"start":{"line":133,"column":0},"end":{"line":133,"column":25}}},"s":{"0":1,"1":1,"2":1,"15":1,"16":16,"17":16,"18":16,"19":16,"20":16,"22":16,"24":16,"25":12,"27":4,"28":4,"31":4,"34":4,"35":4,"37":4,"40":4,"41":0,"44":0,"45":0,"46":0,"47":0,"49":4,"50":4,"52":4,"53":4,"54":4,"56":4,"57":4,"58":4,"59":4,"60":4,"61":16,"64":16,"65":16,"66":4,"67":4,"68":4,"69":4,"70":4,"71":4,"72":4,"73":4,"74":4,"75":4,"76":4,"78":4,"79":7,"80":7,"81":7,"82":7,"83":3,"84":3,"85":3,"87":7,"88":0,"89":0,"90":0,"91":0,"92":0,"94":7,"95":7,"96":4,"97":4,"98":4,"99":4,"100":12,"102":16,"103":16,"104":16,"105":16,"106":16,"107":16,"108":16,"109":16,"110":16,"112":16,"113":16,"114":16,"115":16,"116":16,"117":16,"119":16,"120":16,"121":16,"122":16,"123":16,"124":16,"125":16,"127":16,"128":16,"130":16,"132":1},"branchMap":{"0":{"type":"branch","line":16,"loc":{"start":{"line":16,"column":44},"end":{"line":131,"column":2}},"locations":[{"start":{"line":16,"column":44},"end":{"line":131,"column":2}}]},"1":{"type":"branch","line":66,"loc":{"start":{"line":66,"column":4},"end":{"line":66,"column":18}},"locations":[{"start":{"line":66,"column":4},"end":{"line":66,"column":18}}]},"2":{"type":"branch","line":66,"loc":{"start":{"line":66,"column":12},"end":{"line":100,"column":9}},"locations":[{"start":{"line":66,"column":12},"end":{"line":100,"column":9}}]},"3":{"type":"branch","line":100,"loc":{"start":{"line":100,"column":8},"end":{"line":101,"column":13}},"locations":[{"start":{"line":100,"column":8},"end":{"line":101,"column":13}}]},"4":{"type":"branch","line":23,"loc":{"start":{"line":23,"column":21},"end":{"line":23,"column":46}},"locations":[{"start":{"line":23,"column":21},"end":{"line":23,"column":46}}]},"5":{"type":"branch","line":23,"loc":{"start":{"line":23,"column":35},"end":{"line":23,"column":44}},"locations":[{"start":{"line":23,"column":35},"end":{"line":23,"column":44}}]},"6":{"type":"branch","line":25,"loc":{"start":{"line":25,"column":12},"end":{"line":62,"column":5}},"locations":[{"start":{"line":25,"column":12},"end":{"line":62,"column":5}}]},"7":{"type":"branch","line":26,"loc":{"start":{"line":26,"column":15},"end":{"line":26,"column":22}},"locations":[{"start":{"line":26,"column":15},"end":{"line":26,"column":22}}]},"8":{"type":"branch","line":26,"loc":{"start":{"line":26,"column":15},"end":{"line":29,"column":24}},"locations":[{"start":{"line":26,"column":15},"end":{"line":29,"column":24}}]},"9":{"type":"branch","line":29,"loc":{"start":{"line":29,"column":17},"end":{"line":29,"column":24}},"locations":[{"start":{"line":29,"column":17},"end":{"line":29,"column":24}}]},"10":{"type":"branch","line":29,"loc":{"start":{"line":29,"column":17},"end":{"line":61,"column":6}},"locations":[{"start":{"line":29,"column":17},"end":{"line":61,"column":6}}]},"11":{"type":"branch","line":57,"loc":{"start":{"line":57,"column":11},"end":{"line":61,"column":6}},"locations":[{"start":{"line":57,"column":11},"end":{"line":61,"column":6}}]},"12":{"type":"branch","line":79,"loc":{"start":{"line":79,"column":25},"end":{"line":96,"column":19}},"locations":[{"start":{"line":79,"column":25},"end":{"line":96,"column":19}}]},"13":{"type":"branch","line":88,"loc":{"start":{"line":88,"column":21},"end":{"line":93,"column":20}},"locations":[{"start":{"line":88,"column":21},"end":{"line":93,"column":20}}]},"14":{"type":"branch","line":83,"loc":{"start":{"line":83,"column":25},"end":{"line":86,"column":18}},"locations":[{"start":{"line":83,"column":25},"end":{"line":86,"column":18}}]},"15":{"type":"branch","line":85,"loc":{"start":{"line":85,"column":29},"end":{"line":85,"column":44}},"locations":[{"start":{"line":85,"column":29},"end":{"line":85,"column":44}}]}},"b":{"0":[16],"1":[8],"2":[4],"3":[12],"4":[4],"5":[4],"6":[12],"7":[8],"8":[4],"9":[0],"10":[4],"11":[4],"12":[7],"13":[0],"14":[3],"15":[2]},"fnMap":{"0":{"name":"KebabMenu","decl":{"start":{"line":16,"column":44},"end":{"line":131,"column":2}},"loc":{"start":{"line":16,"column":44},"end":{"line":131,"column":2}},"line":16},"1":{"name":"toggleMenu","decl":{"start":{"line":23,"column":21},"end":{"line":23,"column":46}},"loc":{"start":{"line":23,"column":21},"end":{"line":23,"column":46}},"line":23},"2":{"name":"handleClick","decl":{"start":{"line":41,"column":24},"end":{"line":48,"column":6}},"loc":{"start":{"line":41,"column":24},"end":{"line":48,"column":6}},"line":41},"3":{"name":"handleScroll","decl":{"start":{"line":50,"column":25},"end":{"line":50,"column":46}},"loc":{"start":{"line":50,"column":25},"end":{"line":50,"column":46}},"line":50},"4":{"name":"handleResize","decl":{"start":{"line":51,"column":25},"end":{"line":51,"column":46}},"loc":{"start":{"line":51,"column":25},"end":{"line":51,"column":46}},"line":51},"5":{"name":"onClick","decl":{"start":{"line":83,"column":25},"end":{"line":86,"column":18}},"loc":{"start":{"line":83,"column":25},"end":{"line":86,"column":18}},"line":83}},"f":{"0":16,"1":4,"2":0,"3":0,"4":0,"5":3}}
,"/Users/chimezienwagbo/lendsqr-fe-test/src/components/ratings/Ratings.tsx": {"path":"/Users/chimezienwagbo/lendsqr-fe-test/src/components/ratings/Ratings.tsx","all":false,"statementMap":{"0":{"start":{"line":1,"column":0},"end":{"line":1,"column":26}},"6":{"start":{"line":7,"column":0},"end":{"line":7,"column":26}},"7":{"start":{"line":8,"column":0},"end":{"line":8,"column":6}},"8":{"start":{"line":9,"column":0},"end":{"line":9,"column":14}},"9":{"start":{"line":10,"column":0},"end":{"line":10,"column":15}},"10":{"start":{"line":11,"column":0},"end":{"line":11,"column":23}},"11":{"start":{"line":12,"column":0},"end":{"line":12,"column":15}},"12":{"start":{"line":13,"column":0},"end":{"line":13,"column":38}},"14":{"start":{"line":15,"column":0},"end":{"line":15,"column":9}},"15":{"start":{"line":16,"column":0},"end":{"line":16,"column":24}},"16":{"start":{"line":17,"column":0},"end":{"line":17,"column":24}},"17":{"start":{"line":18,"column":0},"end":{"line":18,"column":685}},"18":{"start":{"line":19,"column":0},"end":{"line":19,"column":20}},"19":{"start":{"line":20,"column":0},"end":{"line":20,"column":6}},"20":{"start":{"line":21,"column":0},"end":{"line":21,"column":8}},"23":{"start":{"line":24,"column":0},"end":{"line":24,"column":25}},"24":{"start":{"line":25,"column":0},"end":{"line":25,"column":6}},"25":{"start":{"line":26,"column":0},"end":{"line":26,"column":14}},"26":{"start":{"line":27,"column":0},"end":{"line":27,"column":15}},"27":{"start":{"line":28,"column":0},"end":{"line":28,"column":23}},"28":{"start":{"line":29,"column":0},"end":{"line":29,"column":15}},"29":{"start":{"line":30,"column":0},"end":{"line":30,"column":38}},"31":{"start":{"line":32,"column":0},"end":{"line":32,"column":9}},"32":{"start":{"line":33,"column":0},"end":{"line":33,"column":24}},"33":{"start":{"line":34,"column":0},"end":{"line":34,"column":24}},"34":{"start":{"line":35,"column":0},"end":{"line":35,"column":1159}},"35":{"start":{"line":36,"column":0},"end":{"line":36,"column":20}},"36":{"start":{"line":37,"column":0},"end":{"line":37,"column":6}},"37":{"start":{"line":38,"column":0},"end":{"line":38,"column":8}},"40":{"start":{"line":41,"column":0},"end":{"line":41,"column":61}},"41":{"start":{"line":42,"column":0},"end":{"line":42,"column":26}},"42":{"start":{"line":43,"column":0},"end":{"line":43,"column":10}},"43":{"start":{"line":44,"column":0},"end":{"line":44,"column":71}},"44":{"start":{"line":45,"column":0},"end":{"line":45,"column":23}},"45":{"start":{"line":46,"column":0},"end":{"line":46,"column":66}},"46":{"start":{"line":47,"column":0},"end":{"line":47,"column":8}},"47":{"start":{"line":48,"column":0},"end":{"line":48,"column":10}},"49":{"start":{"line":50,"column":0},"end":{"line":50,"column":2}},"51":{"start":{"line":52,"column":0},"end":{"line":52,"column":23}}},"s":{"0":1,"6":1,"7":15,"8":15,"9":15,"10":15,"11":15,"12":15,"14":15,"15":15,"16":15,"17":15,"18":15,"19":15,"20":15,"23":1,"24":12,"25":12,"26":12,"27":12,"28":12,"29":12,"31":12,"32":12,"33":12,"34":12,"35":12,"36":12,"37":12,"40":1,"41":9,"42":9,"43":9,"44":9,"45":27,"46":9,"47":9,"49":9,"51":1},"branchMap":{"0":{"type":"branch","line":7,"loc":{"start":{"line":7,"column":19},"end":{"line":21,"column":8}},"locations":[{"start":{"line":7,"column":19},"end":{"line":21,"column":8}}]},"1":{"type":"branch","line":24,"loc":{"start":{"line":24,"column":18},"end":{"line":38,"column":8}},"locations":[{"start":{"line":24,"column":18},"end":{"line":38,"column":8}}]},"2":{"type":"branch","line":41,"loc":{"start":{"line":41,"column":46},"end":{"line":50,"column":2}},"locations":[{"start":{"line":41,"column":46},"end":{"line":50,"column":2}}]},"3":{"type":"branch","line":45,"loc":{"start":{"line":45,"column":17},"end":{"line":46,"column":66}},"locations":[{"start":{"line":45,"column":17},"end":{"line":46,"column":66}}]},"4":{"type":"branch","line":46,"loc":{"start":{"line":46,"column":13},"end":{"line":46,"column":45}},"locations":[{"start":{"line":46,"column":13},"end":{"line":46,"column":45}}]},"5":{"type":"branch","line":46,"loc":{"start":{"line":46,"column":40},"end":{"line":46,"column":66}},"locations":[{"start":{"line":46,"column":40},"end":{"line":46,"column":66}}]}},"b":{"0":[15],"1":[12],"2":[9],"3":[27],"4":[15],"5":[12]},"fnMap":{"0":{"name":"FilledStar","decl":{"start":{"line":7,"column":19},"end":{"line":21,"column":8}},"loc":{"start":{"line":7,"column":19},"end":{"line":21,"column":8}},"line":7},"1":{"name":"EmptyStar","decl":{"start":{"line":24,"column":18},"end":{"line":38,"column":8}},"loc":{"start":{"line":24,"column":18},"end":{"line":38,"column":8}},"line":24},"2":{"name":"Ratings","decl":{"start":{"line":41,"column":46},"end":{"line":50,"column":2}},"loc":{"start":{"line":41,"column":46},"end":{"line":50,"column":2}},"line":41}},"f":{"0":15,"1":12,"2":9}}
,"/Users/chimezienwagbo/lendsqr-fe-test/src/components/searchInput/SearchInput.tsx": {"path":"/Users/chimezienwagbo/lendsqr-fe-test/src/components/searchInput/SearchInput.tsx","all":false,"statementMap":{"0":{"start":{"line":1,"column":0},"end":{"line":1,"column":40}},"1":{"start":{"line":2,"column":0},"end":{"line":2,"column":28}},"3":{"start":{"line":4,"column":0},"end":{"line":4,"column":68}},"10":{"start":{"line":11,"column":0},"end":{"line":11,"column":50}},"11":{"start":{"line":12,"column":0},"end":{"line":12,"column":11}},"12":{"start":{"line":13,"column":0},"end":{"line":13,"column":38}},"13":{"start":{"line":14,"column":0},"end":{"line":14,"column":9}},"14":{"start":{"line":15,"column":0},"end":{"line":15,"column":7}},"15":{"start":{"line":16,"column":0},"end":{"line":16,"column":41}},"17":{"start":{"line":18,"column":0},"end":{"line":18,"column":73}},"18":{"start":{"line":19,"column":0},"end":{"line":19,"column":29}},"19":{"start":{"line":20,"column":0},"end":{"line":20,"column":4}},"21":{"start":{"line":22,"column":0},"end":{"line":22,"column":30}},"22":{"start":{"line":23,"column":0},"end":{"line":23,"column":41}},"23":{"start":{"line":24,"column":0},"end":{"line":24,"column":4}},"25":{"start":{"line":26,"column":0},"end":{"line":26,"column":71}},"26":{"start":{"line":27,"column":0},"end":{"line":27,"column":28}},"27":{"start":{"line":28,"column":0},"end":{"line":28,"column":21}},"28":{"start":{"line":29,"column":0},"end":{"line":29,"column":5}},"29":{"start":{"line":30,"column":0},"end":{"line":30,"column":4}},"31":{"start":{"line":32,"column":0},"end":{"line":32,"column":10}},"32":{"start":{"line":33,"column":0},"end":{"line":33,"column":34}},"33":{"start":{"line":34,"column":0},"end":{"line":34,"column":12}},"34":{"start":{"line":35,"column":0},"end":{"line":35,"column":19}},"35":{"start":{"line":36,"column":0},"end":{"line":36,"column":21}},"36":{"start":{"line":37,"column":0},"end":{"line":37,"column":36}},"37":{"start":{"line":38,"column":0},"end":{"line":38,"column":33}},"38":{"start":{"line":39,"column":0},"end":{"line":39,"column":39}},"39":{"start":{"line":40,"column":0},"end":{"line":40,"column":33}},"40":{"start":{"line":41,"column":0},"end":{"line":41,"column":17}},"41":{"start":{"line":42,"column":0},"end":{"line":42,"column":8}},"42":{"start":{"line":43,"column":0},"end":{"line":43,"column":13}},"43":{"start":{"line":44,"column":0},"end":{"line":44,"column":21}},"44":{"start":{"line":45,"column":0},"end":{"line":45,"column":40}},"45":{"start":{"line":46,"column":0},"end":{"line":46,"column":30}},"47":{"start":{"line":48,"column":0},"end":{"line":48,"column":13}},"48":{"start":{"line":49,"column":0},"end":{"line":49,"column":52}},"49":{"start":{"line":50,"column":0},"end":{"line":50,"column":14}},"50":{"start":{"line":51,"column":0},"end":{"line":51,"column":15}},"51":{"start":{"line":52,"column":0},"end":{"line":52,"column":10}},"53":{"start":{"line":54,"column":0},"end":{"line":54,"column":2}},"55":{"start":{"line":56,"column":0},"end":{"line":56,"column":27}}},"s":{"0":1,"1":1,"3":1,"10":1,"11":9,"12":9,"13":9,"14":9,"15":9,"17":9,"18":4,"19":4,"21":9,"22":3,"23":3,"25":9,"26":1,"27":1,"28":1,"29":1,"31":9,"32":9,"33":9,"34":9,"35":9,"36":9,"37":9,"38":9,"39":9,"40":9,"41":9,"42":9,"43":9,"44":9,"45":9,"47":9,"48":9,"49":9,"50":9,"51":9,"53":9,"55":1},"branchMap":{"0":{"type":"branch","line":11,"loc":{"start":{"line":11,"column":48},"end":{"line":54,"column":2}},"locations":[{"start":{"line":11,"column":48},"end":{"line":54,"column":2}}]},"1":{"type":"branch","line":18,"loc":{"start":{"line":18,"column":28},"end":{"line":20,"column":4}},"locations":[{"start":{"line":18,"column":28},"end":{"line":20,"column":4}}]},"2":{"type":"branch","line":22,"loc":{"start":{"line":22,"column":23},"end":{"line":24,"column":4}},"locations":[{"start":{"line":22,"column":23},"end":{"line":24,"column":4}}]},"3":{"type":"branch","line":26,"loc":{"start":{"line":26,"column":24},"end":{"line":30,"column":4}},"locations":[{"start":{"line":26,"column":24},"end":{"line":30,"column":4}}]}},"b":{"0":[9],"1":[4],"2":[3],"3":[1]},"fnMap":{"0":{"name":"SearchInput","decl":{"start":{"line":11,"column":48},"end":{"line":54,"column":2}},"loc":{"start":{"line":11,"column":48},"end":{"line":54,"column":2}},"line":11},"1":{"name":"handleInputChange","decl":{"start":{"line":18,"column":28},"end":{"line":20,"column":4}},"loc":{"start":{"line":18,"column":28},"end":{"line":20,"column":4}},"line":18},"2":{"name":"handleSearch","decl":{"start":{"line":22,"column":23},"end":{"line":24,"column":4}},"loc":{"start":{"line":22,"column":23},"end":{"line":24,"column":4}},"line":22},"3":{"name":"handleKeyDown","decl":{"start":{"line":26,"column":24},"end":{"line":30,"column":4}},"loc":{"start":{"line":26,"column":24},"end":{"line":30,"column":4}},"line":26}},"f":{"0":9,"1":4,"2":3,"3":1}}
,"/Users/chimezienwagbo/lendsqr-fe-test/src/components/tablePagination/TablePagination.tsx": {"path":"/Users/chimezienwagbo/lendsqr-fe-test/src/components/tablePagination/TablePagination.tsx","all":false,"statementMap":{"0":{"start":{"line":1,"column":0},"end":{"line":1,"column":32}},"1":{"start":{"line":2,"column":0},"end":{"line":2,"column":26}},"3":{"start":{"line":4,"column":0},"end":{"line":4,"column":72}},"4":{"start":{"line":5,"column":0},"end":{"line":5,"column":70}},"6":{"start":{"line":7,"column":0},"end":{"line":7,"column":62}},"7":{"start":{"line":8,"column":0},"end":{"line":8,"column":14}},"8":{"start":{"line":9,"column":0},"end":{"line":9,"column":11}},"9":{"start":{"line":10,"column":0},"end":{"line":10,"column":15}},"10":{"start":{"line":11,"column":0},"end":{"line":11,"column":22}},"11":{"start":{"line":12,"column":0},"end":{"line":12,"column":14}},"12":{"start":{"line":13,"column":0},"end":{"line":13,"column":7}},"13":{"start":{"line":14,"column":0},"end":{"line":14,"column":55}},"16":{"start":{"line":17,"column":0},"end":{"line":17,"column":37}},"17":{"start":{"line":18,"column":0},"end":{"line":18,"column":42}},"19":{"start":{"line":20,"column":0},"end":{"line":20,"column":26}},"21":{"start":{"line":22,"column":0},"end":{"line":22,"column":58}},"22":{"start":{"line":23,"column":0},"end":{"line":23,"column":12}},"24":{"start":{"line":25,"column":0},"end":{"line":25,"column":29}},"25":{"start":{"line":26,"column":0},"end":{"line":26,"column":50}},"26":{"start":{"line":27,"column":0},"end":{"line":27,"column":49}},"27":{"start":{"line":28,"column":0},"end":{"line":28,"column":19}},"28":{"start":{"line":29,"column":0},"end":{"line":29,"column":12}},"29":{"start":{"line":30,"column":0},"end":{"line":30,"column":16}},"30":{"start":{"line":31,"column":0},"end":{"line":31,"column":25}},"31":{"start":{"line":32,"column":0},"end":{"line":32,"column":25}},"32":{"start":{"line":33,"column":0},"end":{"line":33,"column":25}},"33":{"start":{"line":34,"column":0},"end":{"line":34,"column":20}},"34":{"start":{"line":35,"column":0},"end":{"line":35,"column":10}},"35":{"start":{"line":36,"column":0},"end":{"line":36,"column":14}},"36":{"start":{"line":37,"column":0},"end":{"line":37,"column":19}},"37":{"start":{"line":38,"column":0},"end":{"line":38,"column":12}},"38":{"start":{"line":39,"column":0},"end":{"line":39,"column":16}},"39":{"start":{"line":40,"column":0},"end":{"line":40,"column":26}},"40":{"start":{"line":41,"column":0},"end":{"line":41,"column":22}},"41":{"start":{"line":42,"column":0},"end":{"line":42,"column":26}},"42":{"start":{"line":43,"column":0},"end":{"line":43,"column":16}},"43":{"start":{"line":44,"column":0},"end":{"line":44,"column":20}},"44":{"start":{"line":45,"column":0},"end":{"line":45,"column":10}},"45":{"start":{"line":46,"column":0},"end":{"line":46,"column":7}},"46":{"start":{"line":47,"column":0},"end":{"line":47,"column":5}},"48":{"start":{"line":49,"column":0},"end":{"line":49,"column":17}},"49":{"start":{"line":50,"column":0},"end":{"line":50,"column":4}},"51":{"start":{"line":52,"column":0},"end":{"line":52,"column":44}},"53":{"start":{"line":54,"column":0},"end":{"line":54,"column":10}},"54":{"start":{"line":55,"column":0},"end":{"line":55,"column":32}},"55":{"start":{"line":56,"column":0},"end":{"line":56,"column":40}},"56":{"start":{"line":57,"column":0},"end":{"line":57,"column":20}},"57":{"start":{"line":58,"column":0},"end":{"line":58,"column":43}},"58":{"start":{"line":59,"column":0},"end":{"line":59,"column":17}},"59":{"start":{"line":60,"column":0},"end":{"line":60,"column":42}},"60":{"start":{"line":61,"column":0},"end":{"line":61,"column":31}},"61":{"start":{"line":62,"column":0},"end":{"line":62,"column":28}},"62":{"start":{"line":63,"column":0},"end":{"line":63,"column":70}},"65":{"start":{"line":66,"column":0},"end":{"line":66,"column":45}},"66":{"start":{"line":67,"column":0},"end":{"line":67,"column":44}},"67":{"start":{"line":68,"column":0},"end":{"line":68,"column":21}},"68":{"start":{"line":69,"column":0},"end":{"line":69,"column":23}},"69":{"start":{"line":70,"column":0},"end":{"line":70,"column":15}},"70":{"start":{"line":71,"column":0},"end":{"line":71,"column":19}},"71":{"start":{"line":72,"column":0},"end":{"line":72,"column":19}},"72":{"start":{"line":73,"column":0},"end":{"line":73,"column":25}},"73":{"start":{"line":74,"column":0},"end":{"line":74,"column":12}},"75":{"start":{"line":76,"column":0},"end":{"line":76,"column":44}},"76":{"start":{"line":77,"column":0},"end":{"line":77,"column":15}},"77":{"start":{"line":78,"column":0},"end":{"line":78,"column":39}},"78":{"start":{"line":79,"column":0},"end":{"line":79,"column":65}},"79":{"start":{"line":80,"column":0},"end":{"line":80,"column":38}},"81":{"start":{"line":82,"column":0},"end":{"line":82,"column":54}},"82":{"start":{"line":83,"column":0},"end":{"line":83,"column":17}},"84":{"start":{"line":85,"column":0},"end":{"line":85,"column":63}},"85":{"start":{"line":86,"column":0},"end":{"line":86,"column":41}},"86":{"start":{"line":87,"column":0},"end":{"line":87,"column":40}},"87":{"start":{"line":88,"column":0},"end":{"line":88,"column":21}},"88":{"start":{"line":89,"column":0},"end":{"line":89,"column":25}},"89":{"start":{"line":90,"column":0},"end":{"line":90,"column":49}},"90":{"start":{"line":91,"column":0},"end":{"line":91,"column":54}},"91":{"start":{"line":92,"column":0},"end":{"line":92,"column":19}},"92":{"start":{"line":93,"column":0},"end":{"line":93,"column":60}},"94":{"start":{"line":95,"column":0},"end":{"line":95,"column":22}},"95":{"start":{"line":96,"column":0},"end":{"line":96,"column":23}},"97":{"start":{"line":98,"column":0},"end":{"line":98,"column":63}},"98":{"start":{"line":99,"column":0},"end":{"line":99,"column":22}},"99":{"start":{"line":100,"column":0},"end":{"line":100,"column":21}},"101":{"start":{"line":102,"column":0},"end":{"line":102,"column":12}},"102":{"start":{"line":103,"column":0},"end":{"line":103,"column":14}},"104":{"start":{"line":105,"column":0},"end":{"line":105,"column":15}},"105":{"start":{"line":106,"column":0},"end":{"line":106,"column":39}},"106":{"start":{"line":107,"column":0},"end":{"line":107,"column":65}},"107":{"start":{"line":108,"column":0},"end":{"line":108,"column":47}},"109":{"start":{"line":110,"column":0},"end":{"line":110,"column":56}},"110":{"start":{"line":111,"column":0},"end":{"line":111,"column":17}},"111":{"start":{"line":112,"column":0},"end":{"line":112,"column":12}},"112":{"start":{"line":113,"column":0},"end":{"line":113,"column":10}},"114":{"start":{"line":115,"column":0},"end":{"line":115,"column":2}},"116":{"start":{"line":117,"column":0},"end":{"line":117,"column":31}}},"s":{"0":1,"1":1,"3":1,"4":1,"6":1,"7":6,"8":6,"9":6,"10":6,"11":6,"12":6,"13":6,"16":6,"17":6,"19":6,"21":6,"22":6,"24":0,"25":0,"26":0,"27":0,"28":0,"29":0,"30":0,"31":0,"32":0,"33":0,"34":0,"35":0,"36":0,"37":0,"38":0,"39":0,"40":0,"41":0,"42":0,"43":0,"44":0,"45":0,"46":0,"48":6,"49":6,"51":6,"53":6,"54":6,"55":6,"56":6,"57":6,"58":6,"59":6,"60":6,"61":6,"62":1,"65":6,"66":24,"67":24,"68":24,"69":6,"70":6,"71":6,"72":6,"73":6,"75":6,"76":6,"77":6,"78":6,"79":6,"81":6,"82":6,"84":6,"85":6,"86":19,"87":19,"88":19,"89":19,"90":19,"91":19,"92":19,"94":19,"95":19,"97":0,"98":0,"99":0,"101":6,"102":6,"104":6,"105":6,"106":6,"107":6,"109":6,"110":6,"111":6,"112":6,"114":6,"116":1},"branchMap":{"0":{"type":"branch","line":7,"loc":{"start":{"line":7,"column":60},"end":{"line":115,"column":2}},"locations":[{"start":{"line":7,"column":60},"end":{"line":115,"column":2}}]},"1":{"type":"branch","line":17,"loc":{"start":{"line":17,"column":30},"end":{"line":50,"column":4}},"locations":[{"start":{"line":17,"column":30},"end":{"line":50,"column":4}}]},"2":{"type":"branch","line":22,"loc":{"start":{"line":22,"column":44},"end":{"line":22,"column":58}},"locations":[{"start":{"line":22,"column":44},"end":{"line":22,"column":58}}]},"3":{"type":"branch","line":23,"loc":{"start":{"line":23,"column":4},"end":{"line":47,"column":5}},"locations":[{"start":{"line":23,"column":4},"end":{"line":47,"column":5}}]},"4":{"type":"branch","line":62,"loc":{"start":{"line":62,"column":22},"end":{"line":63,"column":70}},"locations":[{"start":{"line":62,"column":22},"end":{"line":63,"column":70}}]},"5":{"type":"branch","line":66,"loc":{"start":{"line":66,"column":35},"end":{"line":69,"column":23}},"locations":[{"start":{"line":66,"column":35},"end":{"line":69,"column":23}}]},"6":{"type":"branch","line":79,"loc":{"start":{"line":79,"column":19},"end":{"line":79,"column":65}},"locations":[{"start":{"line":79,"column":19},"end":{"line":79,"column":65}}]},"7":{"type":"branch","line":86,"loc":{"start":{"line":86,"column":27},"end":{"line":100,"column":21}},"locations":[{"start":{"line":86,"column":27},"end":{"line":100,"column":21}}]},"8":{"type":"branch","line":91,"loc":{"start":{"line":91,"column":34},"end":{"line":91,"column":52}},"locations":[{"start":{"line":91,"column":34},"end":{"line":91,"column":52}}]},"9":{"type":"branch","line":91,"loc":{"start":{"line":91,"column":41},"end":{"line":91,"column":54}},"locations":[{"start":{"line":91,"column":41},"end":{"line":91,"column":54}}]},"10":{"type":"branch","line":96,"loc":{"start":{"line":96,"column":14},"end":{"line":100,"column":21}},"locations":[{"start":{"line":96,"column":14},"end":{"line":100,"column":21}}]},"11":{"type":"branch","line":93,"loc":{"start":{"line":93,"column":25},"end":{"line":93,"column":60}},"locations":[{"start":{"line":93,"column":25},"end":{"line":93,"column":60}}]},"12":{"type":"branch","line":107,"loc":{"start":{"line":107,"column":19},"end":{"line":107,"column":65}},"locations":[{"start":{"line":107,"column":19},"end":{"line":107,"column":65}}]}},"b":{"0":[6],"1":[6],"2":[19],"3":[0],"4":[1],"5":[24],"6":[1],"7":[19],"8":[5],"9":[14],"10":[0],"11":[1],"12":[1]},"fnMap":{"0":{"name":"TablePagination","decl":{"start":{"line":7,"column":60},"end":{"line":115,"column":2}},"loc":{"start":{"line":7,"column":60},"end":{"line":115,"column":2}},"line":7},"1":{"name":"generatePageNumbers","decl":{"start":{"line":17,"column":30},"end":{"line":50,"column":4}},"loc":{"start":{"line":17,"column":30},"end":{"line":50,"column":4}},"line":17},"2":{"name":"onChange","decl":{"start":{"line":62,"column":22},"end":{"line":63,"column":70}},"loc":{"start":{"line":62,"column":22},"end":{"line":63,"column":70}},"line":62},"3":{"name":"onClick","decl":{"start":{"line":79,"column":19},"end":{"line":79,"column":65}},"loc":{"start":{"line":79,"column":19},"end":{"line":79,"column":65}},"line":79},"4":{"name":"onClick","decl":{"start":{"line":93,"column":25},"end":{"line":93,"column":60}},"loc":{"start":{"line":93,"column":25},"end":{"line":93,"column":60}},"line":93},"5":{"name":"onClick","decl":{"start":{"line":107,"column":19},"end":{"line":107,"column":65}},"loc":{"start":{"line":107,"column":19},"end":{"line":107,"column":65}},"line":107}},"f":{"0":6,"1":6,"2":1,"3":1,"4":1,"5":1}}
,"/Users/chimezienwagbo/lendsqr-fe-test/src/constants/loginCopy.ts": {"path":"/Users/chimezienwagbo/lendsqr-fe-test/src/constants/loginCopy.ts","all":true,"statementMap":{"0":{"start":{"line":1,"column":0},"end":{"line":1,"column":26}},"1":{"start":{"line":2,"column":0},"end":{"line":2,"column":20}},"2":{"start":{"line":3,"column":0},"end":{"line":3,"column":38}},"3":{"start":{"line":4,"column":0},"end":{"line":4,"column":11}},"4":{"start":{"line":5,"column":0},"end":{"line":5,"column":12}},"5":{"start":{"line":6,"column":0},"end":{"line":6,"column":21}},"6":{"start":{"line":7,"column":0},"end":{"line":7,"column":27}},"7":{"start":{"line":8,"column":0},"end":{"line":8,"column":6}},"8":{"start":{"line":9,"column":0},"end":{"line":9,"column":15}},"9":{"start":{"line":10,"column":0},"end":{"line":10,"column":24}},"10":{"start":{"line":11,"column":0},"end":{"line":11,"column":30}},"11":{"start":{"line":12,"column":0},"end":{"line":12,"column":6}},"12":{"start":{"line":13,"column":0},"end":{"line":13,"column":4}},"14":{"start":{"line":15,"column":0},"end":{"line":15,"column":41}},"15":{"start":{"line":16,"column":0},"end":{"line":16,"column":11}},"16":{"start":{"line":17,"column":0},"end":{"line":17,"column":20}},"17":{"start":{"line":18,"column":0},"end":{"line":18,"column":29}},"18":{"start":{"line":19,"column":0},"end":{"line":19,"column":4}},"19":{"start":{"line":20,"column":0},"end":{"line":20,"column":2}}},"s":{"0":0,"1":0,"2":0,"3":0,"4":0,"5":0,"6":0,"7":0,"8":0,"9":0,"10":0,"11":0,"12":0,"14":0,"15":0,"16":0,"17":0,"18":0,"19":0},"branchMap":{"0":{"type":"branch","line":1,"loc":{"start":{"line":1,"column":366},"end":{"line":20,"column":2}},"locations":[{"start":{"line":1,"column":366},"end":{"line":20,"column":2}}]}},"b":{"0":[0]},"fnMap":{"0":{"name":"(empty-report)","decl":{"start":{"line":1,"column":366},"end":{"line":20,"column":2}},"loc":{"start":{"line":1,"column":366},"end":{"line":20,"column":2}},"line":1}},"f":{"0":0}}
,"/Users/chimezienwagbo/lendsqr-fe-test/src/context/SidebarContext.tsx": {"path":"/Users/chimezienwagbo/lendsqr-fe-test/src/context/SidebarContext.tsx","all":true,"statementMap":{"0":{"start":{"line":1,"column":0},"end":{"line":1,"column":76}},"8":{"start":{"line":9,"column":0},"end":{"line":9,"column":80}},"10":{"start":{"line":11,"column":0},"end":{"line":11,"column":75}},"11":{"start":{"line":12,"column":0},"end":{"line":12,"column":46}},"13":{"start":{"line":14,"column":0},"end":{"line":14,"column":57}},"14":{"start":{"line":15,"column":0},"end":{"line":15,"column":46}},"16":{"start":{"line":17,"column":0},"end":{"line":17,"column":10}},"17":{"start":{"line":18,"column":0},"end":{"line":18,"column":77}},"18":{"start":{"line":19,"column":0},"end":{"line":19,"column":16}},"19":{"start":{"line":20,"column":0},"end":{"line":20,"column":30}},"21":{"start":{"line":22,"column":0},"end":{"line":22,"column":2}},"23":{"start":{"line":24,"column":0},"end":{"line":24,"column":33}},"24":{"start":{"line":25,"column":0},"end":{"line":25,"column":45}},"25":{"start":{"line":26,"column":0},"end":{"line":26,"column":17}},"26":{"start":{"line":27,"column":0},"end":{"line":27,"column":72}},"27":{"start":{"line":28,"column":0},"end":{"line":28,"column":3}},"28":{"start":{"line":29,"column":0},"end":{"line":29,"column":17}},"29":{"start":{"line":30,"column":0},"end":{"line":30,"column":2}}},"s":{"0":0,"8":0,"10":0,"11":0,"13":0,"14":0,"16":0,"17":0,"18":0,"19":0,"21":0,"23":0,"24":0,"25":0,"26":0,"27":0,"28":0,"29":0},"branchMap":{"0":{"type":"branch","line":1,"loc":{"start":{"line":1,"column":839},"end":{"line":30,"column":2}},"locations":[{"start":{"line":1,"column":839},"end":{"line":30,"column":2}}]}},"b":{"0":[0]},"fnMap":{"0":{"name":"(empty-report)","decl":{"start":{"line":1,"column":839},"end":{"line":30,"column":2}},"loc":{"start":{"line":1,"column":839},"end":{"line":30,"column":2}},"line":1}},"f":{"0":0}}
,"/Users/chimezienwagbo/lendsqr-fe-test/src/data/sidebarData.ts": {"path":"/Users/chimezienwagbo/lendsqr-fe-test/src/data/sidebarData.ts","all":true,"statementMap":{"0":{"start":{"line":1,"column":0},"end":{"line":1,"column":68}},"1":{"start":{"line":2,"column":0},"end":{"line":2,"column":78}},"2":{"start":{"line":3,"column":0},"end":{"line":3,"column":68}},"3":{"start":{"line":4,"column":0},"end":{"line":4,"column":81}},"4":{"start":{"line":5,"column":0},"end":{"line":5,"column":72}},"5":{"start":{"line":6,"column":0},"end":{"line":6,"column":83}},"6":{"start":{"line":7,"column":0},"end":{"line":7,"column":76}},"7":{"start":{"line":8,"column":0},"end":{"line":8,"column":68}},"9":{"start":{"line":10,"column":0},"end":{"line":10,"column":82}},"10":{"start":{"line":11,"column":0},"end":{"line":11,"column":83}},"11":{"start":{"line":12,"column":0},"end":{"line":12,"column":89}},"12":{"start":{"line":13,"column":0},"end":{"line":13,"column":78}},"13":{"start":{"line":14,"column":0},"end":{"line":14,"column":82}},"14":{"start":{"line":15,"column":0},"end":{"line":15,"column":74}},"15":{"start":{"line":16,"column":0},"end":{"line":16,"column":87}},"16":{"start":{"line":17,"column":0},"end":{"line":17,"column":80}},"17":{"start":{"line":18,"column":0},"end":{"line":18,"column":72}},"19":{"start":{"line":20,"column":0},"end":{"line":20,"column":80}},"20":{"start":{"line":21,"column":0},"end":{"line":21,"column":88}},"21":{"start":{"line":22,"column":0},"end":{"line":22,"column":73}},"22":{"start":{"line":23,"column":0},"end":{"line":23,"column":85}},"31":{"start":{"line":32,"column":0},"end":{"line":32,"column":43}},"32":{"start":{"line":33,"column":0},"end":{"line":33,"column":3}},"33":{"start":{"line":34,"column":0},"end":{"line":34,"column":23}},"34":{"start":{"line":35,"column":0},"end":{"line":35,"column":15}},"35":{"start":{"line":36,"column":0},"end":{"line":36,"column":59}},"36":{"start":{"line":37,"column":0},"end":{"line":37,"column":74}},"37":{"start":{"line":38,"column":0},"end":{"line":38,"column":59}},"38":{"start":{"line":39,"column":0},"end":{"line":39,"column":7}},"39":{"start":{"line":40,"column":0},"end":{"line":40,"column":33}},"40":{"start":{"line":41,"column":0},"end":{"line":41,"column":27}},"41":{"start":{"line":42,"column":0},"end":{"line":42,"column":34}},"42":{"start":{"line":43,"column":0},"end":{"line":43,"column":8}},"43":{"start":{"line":44,"column":0},"end":{"line":44,"column":65}},"44":{"start":{"line":45,"column":0},"end":{"line":45,"column":7}},"45":{"start":{"line":46,"column":0},"end":{"line":46,"column":31}},"46":{"start":{"line":47,"column":0},"end":{"line":47,"column":31}},"47":{"start":{"line":48,"column":0},"end":{"line":48,"column":32}},"48":{"start":{"line":49,"column":0},"end":{"line":49,"column":8}},"49":{"start":{"line":50,"column":0},"end":{"line":50,"column":71}},"50":{"start":{"line":51,"column":0},"end":{"line":51,"column":59}},"51":{"start":{"line":52,"column":0},"end":{"line":52,"column":6}},"52":{"start":{"line":53,"column":0},"end":{"line":53,"column":4}},"53":{"start":{"line":54,"column":0},"end":{"line":54,"column":3}},"54":{"start":{"line":55,"column":0},"end":{"line":55,"column":24}},"55":{"start":{"line":56,"column":0},"end":{"line":56,"column":15}},"56":{"start":{"line":57,"column":0},"end":{"line":57,"column":80}},"57":{"start":{"line":58,"column":0},"end":{"line":58,"column":7}},"58":{"start":{"line":59,"column":0},"end":{"line":59,"column":31}},"59":{"start":{"line":60,"column":0},"end":{"line":60,"column":31}},"60":{"start":{"line":61,"column":0},"end":{"line":61,"column":32}},"61":{"start":{"line":62,"column":0},"end":{"line":62,"column":8}},"62":{"start":{"line":63,"column":0},"end":{"line":63,"column":7}},"63":{"start":{"line":64,"column":0},"end":{"line":64,"column":34}},"64":{"start":{"line":65,"column":0},"end":{"line":65,"column":34}},"65":{"start":{"line":66,"column":0},"end":{"line":66,"column":35}},"66":{"start":{"line":67,"column":0},"end":{"line":67,"column":8}},"67":{"start":{"line":68,"column":0},"end":{"line":68,"column":76}},"68":{"start":{"line":69,"column":0},"end":{"line":69,"column":68}},"69":{"start":{"line":70,"column":0},"end":{"line":70,"column":80}},"70":{"start":{"line":71,"column":0},"end":{"line":71,"column":7}},"71":{"start":{"line":72,"column":0},"end":{"line":72,"column":33}},"72":{"start":{"line":73,"column":0},"end":{"line":73,"column":33}},"73":{"start":{"line":74,"column":0},"end":{"line":74,"column":33}},"74":{"start":{"line":75,"column":0},"end":{"line":75,"column":8}},"76":{"start":{"line":77,"column":0},"end":{"line":77,"column":77}},"77":{"start":{"line":78,"column":0},"end":{"line":78,"column":65}},"78":{"start":{"line":79,"column":0},"end":{"line":79,"column":6}},"79":{"start":{"line":80,"column":0},"end":{"line":80,"column":4}},"80":{"start":{"line":81,"column":0},"end":{"line":81,"column":3}},"81":{"start":{"line":82,"column":0},"end":{"line":82,"column":22}},"82":{"start":{"line":83,"column":0},"end":{"line":83,"column":15}},"83":{"start":{"line":84,"column":0},"end":{"line":84,"column":77}},"84":{"start":{"line":85,"column":0},"end":{"line":85,"column":69}},"85":{"start":{"line":86,"column":0},"end":{"line":86,"column":7}},"86":{"start":{"line":87,"column":0},"end":{"line":87,"column":34}},"87":{"start":{"line":88,"column":0},"end":{"line":88,"column":32}},"88":{"start":{"line":89,"column":0},"end":{"line":89,"column":30}},"89":{"start":{"line":90,"column":0},"end":{"line":90,"column":8}},"90":{"start":{"line":91,"column":0},"end":{"line":91,"column":7}},"91":{"start":{"line":92,"column":0},"end":{"line":92,"column":33}},"92":{"start":{"line":93,"column":0},"end":{"line":93,"column":32}},"93":{"start":{"line":94,"column":0},"end":{"line":94,"column":33}},"94":{"start":{"line":95,"column":0},"end":{"line":95,"column":8}},"95":{"start":{"line":96,"column":0},"end":{"line":96,"column":6}},"96":{"start":{"line":97,"column":0},"end":{"line":97,"column":4}},"97":{"start":{"line":98,"column":0},"end":{"line":98,"column":2}}},"s":{"0":0,"1":0,"2":0,"3":0,"4":0,"5":0,"6":0,"7":0,"9":0,"10":0,"11":0,"12":0,"13":0,"14":0,"15":0,"16":0,"17":0,"19":0,"20":0,"21":0,"22":0,"31":0,"32":0,"33":0,"34":0,"35":0,"36":0,"37":0,"38":0,"39":0,"40":0,"41":0,"42":0,"43":0,"44":0,"45":0,"46":0,"47":0,"48":0,"49":0,"50":0,"51":0,"52":0,"53":0,"54":0,"55":0,"56":0,"57":0,"58":0,"59":0,"60":0,"61":0,"62":0,"63":0,"64":0,"65":0,"66":0,"67":0,"68":0,"69":0,"70":0,"71":0,"72":0,"73":0,"74":0,"76":0,"77":0,"78":0,"79":0,"80":0,"81":0,"82":0,"83":0,"84":0,"85":0,"86":0,"87":0,"88":0,"89":0,"90":0,"91":0,"92":0,"93":0,"94":0,"95":0,"96":0,"97":0},"branchMap":{"0":{"type":"branch","line":1,"loc":{"start":{"line":1,"column":3809},"end":{"line":98,"column":2}},"locations":[{"start":{"line":1,"column":3809},"end":{"line":98,"column":2}}]}},"b":{"0":[0]},"fnMap":{"0":{"name":"(empty-report)","decl":{"start":{"line":1,"column":3809},"end":{"line":98,"column":2}},"loc":{"start":{"line":1,"column":3809},"end":{"line":98,"column":2}},"line":1}},"f":{"0":0}}
,"/Users/chimezienwagbo/lendsqr-fe-test/src/data/mockData/organizationData.ts": {"path":"/Users/chimezienwagbo/lendsqr-fe-test/src/data/mockData/organizationData.ts","all":false,"statementMap":{"0":{"start":{"line":1,"column":0},"end":{"line":1,"column":33}},"1":{"start":{"line":2,"column":0},"end":{"line":2,"column":15}},"2":{"start":{"line":3,"column":0},"end":{"line":3,"column":10}},"3":{"start":{"line":4,"column":0},"end":{"line":4,"column":11}},"4":{"start":{"line":5,"column":0},"end":{"line":5,"column":12}},"5":{"start":{"line":6,"column":0},"end":{"line":6,"column":13}},"6":{"start":{"line":7,"column":0},"end":{"line":7,"column":13}},"7":{"start":{"line":8,"column":0},"end":{"line":8,"column":14}},"8":{"start":{"line":9,"column":0},"end":{"line":9,"column":2}}},"s":{"0":1,"1":1,"2":1,"3":1,"4":1,"5":1,"6":1,"7":1,"8":1},"branchMap":{},"b":{},"fnMap":{},"f":{}}
,"/Users/chimezienwagbo/lendsqr-fe-test/src/data/mockData/userStatusData.ts": {"path":"/Users/chimezienwagbo/lendsqr-fe-test/src/data/mockData/userStatusData.ts","all":false,"statementMap":{"0":{"start":{"line":1,"column":0},"end":{"line":1,"column":79}}},"s":{"0":1},"branchMap":{},"b":{},"fnMap":{},"f":{}}
,"/Users/chimezienwagbo/lendsqr-fe-test/src/features/auth/api/login.ts": {"path":"/Users/chimezienwagbo/lendsqr-fe-test/src/features/auth/api/login.ts","all":false,"statementMap":{"2":{"start":{"line":3,"column":0},"end":{"line":3,"column":29}},"3":{"start":{"line":4,"column":0},"end":{"line":4,"column":8}},"4":{"start":{"line":5,"column":0},"end":{"line":5,"column":11}},"5":{"start":{"line":6,"column":0},"end":{"line":6,"column":42}},"6":{"start":{"line":7,"column":0},"end":{"line":7,"column":43}},"7":{"start":{"line":8,"column":0},"end":{"line":8,"column":22}},"8":{"start":{"line":9,"column":0},"end":{"line":9,"column":70}},"9":{"start":{"line":10,"column":0},"end":{"line":10,"column":17}},"10":{"start":{"line":11,"column":0},"end":{"line":11,"column":33}},"11":{"start":{"line":12,"column":0},"end":{"line":12,"column":53}},"12":{"start":{"line":13,"column":0},"end":{"line":13,"column":11}},"13":{"start":{"line":14,"column":0},"end":{"line":14,"column":14}},"14":{"start":{"line":15,"column":0},"end":{"line":15,"column":15}},"15":{"start":{"line":16,"column":0},"end":{"line":16,"column":20}},"16":{"start":{"line":17,"column":0},"end":{"line":17,"column":95}},"17":{"start":{"line":18,"column":0},"end":{"line":18,"column":11}},"18":{"start":{"line":19,"column":0},"end":{"line":19,"column":10}},"19":{"start":{"line":20,"column":0},"end":{"line":20,"column":7}},"20":{"start":{"line":21,"column":0},"end":{"line":21,"column":13}},"21":{"start":{"line":22,"column":0},"end":{"line":22,"column":5}},"22":{"start":{"line":23,"column":0},"end":{"line":23,"column":1}}},"s":{"2":2,"3":2,"4":2,"5":2,"6":2,"7":2,"8":2,"9":1,"10":1,"11":1,"12":1,"13":1,"14":1,"15":1,"16":1,"17":1,"18":1,"19":1,"20":2,"21":2,"22":2},"branchMap":{"0":{"type":"branch","line":3,"loc":{"start":{"line":3,"column":0},"end":{"line":23,"column":1}},"locations":[{"start":{"line":3,"column":0},"end":{"line":23,"column":1}}]},"1":{"type":"branch","line":7,"loc":{"start":{"line":7,"column":21},"end":{"line":22,"column":3}},"locations":[{"start":{"line":7,"column":21},"end":{"line":22,"column":3}}]},"2":{"type":"branch","line":8,"loc":{"start":{"line":8,"column":15},"end":{"line":21,"column":7}},"locations":[{"start":{"line":8,"column":15},"end":{"line":21,"column":7}}]},"3":{"type":"branch","line":9,"loc":{"start":{"line":9,"column":20},"end":{"line":9,"column":69}},"locations":[{"start":{"line":9,"column":20},"end":{"line":9,"column":69}}]},"4":{"type":"branch","line":9,"loc":{"start":{"line":9,"column":69},"end":{"line":20,"column":7}},"locations":[{"start":{"line":9,"column":69},"end":{"line":20,"column":7}}]}},"b":{"0":[2],"1":[2],"2":[2],"3":[1],"4":[1]},"fnMap":{"0":{"name":"login","decl":{"start":{"line":3,"column":0},"end":{"line":23,"column":1}},"loc":{"start":{"line":3,"column":0},"end":{"line":23,"column":1}},"line":3}},"f":{"0":2}}
,"/Users/chimezienwagbo/lendsqr-fe-test/src/features/auth/context/AuthContext.tsx": {"path":"/Users/chimezienwagbo/lendsqr-fe-test/src/features/auth/context/AuthContext.tsx","all":true,"statementMap":{"0":{"start":{"line":1,"column":0},"end":{"line":1,"column":15}},"16":{"start":{"line":17,"column":0},"end":{"line":17,"column":74}},"18":{"start":{"line":19,"column":0},"end":{"line":19,"column":72}},"19":{"start":{"line":20,"column":0},"end":{"line":20,"column":54}},"20":{"start":{"line":21,"column":0},"end":{"line":21,"column":58}},"22":{"start":{"line":23,"column":0},"end":{"line":23,"column":42}},"23":{"start":{"line":24,"column":0},"end":{"line":24,"column":23}},"24":{"start":{"line":25,"column":0},"end":{"line":25,"column":25}},"25":{"start":{"line":26,"column":0},"end":{"line":26,"column":79}},"26":{"start":{"line":27,"column":0},"end":{"line":27,"column":4}},"28":{"start":{"line":29,"column":0},"end":{"line":29,"column":24}},"29":{"start":{"line":30,"column":0},"end":{"line":30,"column":18}},"30":{"start":{"line":31,"column":0},"end":{"line":31,"column":19}},"31":{"start":{"line":32,"column":0},"end":{"line":32,"column":36}},"32":{"start":{"line":33,"column":0},"end":{"line":33,"column":4}},"35":{"start":{"line":36,"column":0},"end":{"line":36,"column":25}},"36":{"start":{"line":37,"column":0},"end":{"line":37,"column":48}},"37":{"start":{"line":38,"column":0},"end":{"line":38,"column":17}},"38":{"start":{"line":39,"column":0},"end":{"line":39,"column":55}},"39":{"start":{"line":40,"column":0},"end":{"line":40,"column":27}},"40":{"start":{"line":41,"column":0},"end":{"line":41,"column":29}},"41":{"start":{"line":42,"column":0},"end":{"line":42,"column":5}},"42":{"start":{"line":43,"column":0},"end":{"line":43,"column":9}},"44":{"start":{"line":45,"column":0},"end":{"line":45,"column":10}},"45":{"start":{"line":46,"column":0},"end":{"line":46,"column":65}},"46":{"start":{"line":47,"column":0},"end":{"line":47,"column":16}},"47":{"start":{"line":48,"column":0},"end":{"line":48,"column":27}},"49":{"start":{"line":50,"column":0},"end":{"line":50,"column":2}},"52":{"start":{"line":53,"column":0},"end":{"line":53,"column":47}},"53":{"start":{"line":54,"column":0},"end":{"line":54,"column":42}},"54":{"start":{"line":55,"column":0},"end":{"line":55,"column":17}},"55":{"start":{"line":56,"column":0},"end":{"line":56,"column":67}},"56":{"start":{"line":57,"column":0},"end":{"line":57,"column":3}},"57":{"start":{"line":58,"column":0},"end":{"line":58,"column":17}},"58":{"start":{"line":59,"column":0},"end":{"line":59,"column":2}}},"s":{"0":0,"16":0,"18":0,"19":0,"20":0,"22":0,"23":0,"24":0,"25":0,"26":0,"28":0,"29":0,"30":0,"31":0,"32":0,"35":0,"36":0,"37":0,"38":0,"39":0,"40":0,"41":0,"42":0,"44":0,"45":0,"46":0,"47":0,"49":0,"52":0,"53":0,"54":0,"55":0,"56":0,"57":0,"58":0},"branchMap":{"0":{"type":"branch","line":1,"loc":{"start":{"line":1,"column":1477},"end":{"line":59,"column":2}},"locations":[{"start":{"line":1,"column":1477},"end":{"line":59,"column":2}}]}},"b":{"0":[0]},"fnMap":{"0":{"name":"(empty-report)","decl":{"start":{"line":1,"column":1477},"end":{"line":59,"column":2}},"loc":{"start":{"line":1,"column":1477},"end":{"line":59,"column":2}},"line":1}},"f":{"0":0}}
,"/Users/chimezienwagbo/lendsqr-fe-test/src/features/auth/hooks/useLogin/useLogin.ts": {"path":"/Users/chimezienwagbo/lendsqr-fe-test/src/features/auth/hooks/useLogin/useLogin.ts","all":false,"statementMap":{"0":{"start":{"line":1,"column":0},"end":{"line":1,"column":33}},"2":{"start":{"line":3,"column":0},"end":{"line":3,"column":40}},"4":{"start":{"line":5,"column":0},"end":{"line":5,"column":47}},"7":{"start":{"line":8,"column":0},"end":{"line":8,"column":36}},"9":{"start":{"line":10,"column":0},"end":{"line":10,"column":31}},"10":{"start":{"line":11,"column":0},"end":{"line":11,"column":33}},"11":{"start":{"line":12,"column":0},"end":{"line":12,"column":48}},"13":{"start":{"line":14,"column":0},"end":{"line":14,"column":53}},"14":{"start":{"line":15,"column":0},"end":{"line":15,"column":21}},"16":{"start":{"line":17,"column":0},"end":{"line":17,"column":9}},"17":{"start":{"line":18,"column":0},"end":{"line":18,"column":56}},"19":{"start":{"line":20,"column":0},"end":{"line":20,"column":68}},"20":{"start":{"line":21,"column":0},"end":{"line":21,"column":62}},"21":{"start":{"line":22,"column":0},"end":{"line":22,"column":25}},"22":{"start":{"line":23,"column":0},"end":{"line":23,"column":24}},"23":{"start":{"line":24,"column":0},"end":{"line":24,"column":66}},"24":{"start":{"line":25,"column":0},"end":{"line":25,"column":27}},"25":{"start":{"line":26,"column":0},"end":{"line":26,"column":15}},"26":{"start":{"line":27,"column":0},"end":{"line":27,"column":24}},"27":{"start":{"line":28,"column":0},"end":{"line":28,"column":5}},"28":{"start":{"line":29,"column":0},"end":{"line":29,"column":4}},"30":{"start":{"line":31,"column":0},"end":{"line":31,"column":34}},"31":{"start":{"line":32,"column":0},"end":{"line":32,"column":2}}},"s":{"0":1,"2":1,"4":1,"7":1,"9":1,"10":12,"11":12,"13":12,"14":2,"16":2,"17":2,"19":1,"20":1,"21":1,"22":1,"23":1,"24":1,"25":2,"26":2,"27":2,"28":2,"30":12,"31":12},"branchMap":{"0":{"type":"branch","line":10,"loc":{"start":{"line":10,"column":24},"end":{"line":32,"column":2}},"locations":[{"start":{"line":10,"column":24},"end":{"line":32,"column":2}}]},"1":{"type":"branch","line":14,"loc":{"start":{"line":14,"column":22},"end":{"line":29,"column":4}},"locations":[{"start":{"line":14,"column":22},"end":{"line":29,"column":4}}]},"2":{"type":"branch","line":18,"loc":{"start":{"line":18,"column":54},"end":{"line":26,"column":6}},"locations":[{"start":{"line":18,"column":54},"end":{"line":26,"column":6}}]},"3":{"type":"branch","line":24,"loc":{"start":{"line":24,"column":27},"end":{"line":24,"column":66}},"locations":[{"start":{"line":24,"column":27},"end":{"line":24,"column":66}}]}},"b":{"0":[12],"1":[2],"2":[1],"3":[0]},"fnMap":{"0":{"name":"useLogin","decl":{"start":{"line":10,"column":24},"end":{"line":32,"column":2}},"loc":{"start":{"line":10,"column":24},"end":{"line":32,"column":2}},"line":10},"1":{"name":"handleLogin","decl":{"start":{"line":14,"column":22},"end":{"line":29,"column":4}},"loc":{"start":{"line":14,"column":22},"end":{"line":29,"column":4}},"line":14}},"f":{"0":12,"1":2}}
,"/Users/chimezienwagbo/lendsqr-fe-test/src/features/auth/hooks/useLogout/useLogout.ts": {"path":"/Users/chimezienwagbo/lendsqr-fe-test/src/features/auth/hooks/useLogout/useLogout.ts","all":false,"statementMap":{"0":{"start":{"line":1,"column":0},"end":{"line":1,"column":47}},"2":{"start":{"line":3,"column":0},"end":{"line":3,"column":25}},"3":{"start":{"line":4,"column":0},"end":{"line":4,"column":33}},"5":{"start":{"line":6,"column":0},"end":{"line":6,"column":30}},"6":{"start":{"line":7,"column":0},"end":{"line":7,"column":44}},"7":{"start":{"line":8,"column":0},"end":{"line":8,"column":43}},"8":{"start":{"line":9,"column":0},"end":{"line":9,"column":23}},"9":{"start":{"line":10,"column":0},"end":{"line":10,"column":4}},"11":{"start":{"line":12,"column":0},"end":{"line":12,"column":26}},"12":{"start":{"line":13,"column":0},"end":{"line":13,"column":2}},"14":{"start":{"line":15,"column":0},"end":{"line":15,"column":25}}},"s":{"0":1,"2":1,"3":1,"5":1,"6":1,"7":1,"8":1,"9":1,"11":1,"12":1,"14":1},"branchMap":{"0":{"type":"branch","line":3,"loc":{"start":{"line":3,"column":18},"end":{"line":13,"column":2}},"locations":[{"start":{"line":3,"column":18},"end":{"line":13,"column":2}}]},"1":{"type":"branch","line":6,"loc":{"start":{"line":6,"column":23},"end":{"line":10,"column":4}},"locations":[{"start":{"line":6,"column":23},"end":{"line":10,"column":4}}]}},"b":{"0":[1],"1":[1]},"fnMap":{"0":{"name":"useLogout","decl":{"start":{"line":3,"column":18},"end":{"line":13,"column":2}},"loc":{"start":{"line":3,"column":18},"end":{"line":13,"column":2}},"line":3},"1":{"name":"handleLogout","decl":{"start":{"line":6,"column":23},"end":{"line":10,"column":4}},"loc":{"start":{"line":6,"column":23},"end":{"line":10,"column":4}},"line":6}},"f":{"0":1,"1":1}}
,"/Users/chimezienwagbo/lendsqr-fe-test/src/features/auth/hooks/useVerifuAuth/useVerifyAuth.ts": {"path":"/Users/chimezienwagbo/lendsqr-fe-test/src/features/auth/hooks/useVerifuAuth/useVerifyAuth.ts","all":false,"statementMap":{"0":{"start":{"line":1,"column":0},"end":{"line":1,"column":44}},"1":{"start":{"line":2,"column":0},"end":{"line":2,"column":57}},"3":{"start":{"line":4,"column":0},"end":{"line":4,"column":36}},"4":{"start":{"line":5,"column":0},"end":{"line":5,"column":72}},"6":{"start":{"line":7,"column":0},"end":{"line":7,"column":19}},"7":{"start":{"line":8,"column":0},"end":{"line":8,"column":74}},"8":{"start":{"line":9,"column":0},"end":{"line":9,"column":60}},"9":{"start":{"line":10,"column":0},"end":{"line":10,"column":76}},"10":{"start":{"line":11,"column":0},"end":{"line":11,"column":9}},"12":{"start":{"line":13,"column":0},"end":{"line":13,"column":23}},"13":{"start":{"line":14,"column":0},"end":{"line":14,"column":2}}},"s":{"0":1,"1":1,"3":1,"4":5,"6":5,"7":3,"8":3,"9":3,"10":5,"12":5,"13":5},"branchMap":{"0":{"type":"branch","line":4,"loc":{"start":{"line":4,"column":29},"end":{"line":14,"column":2}},"locations":[{"start":{"line":4,"column":29},"end":{"line":14,"column":2}}]},"1":{"type":"branch","line":7,"loc":{"start":{"line":7,"column":12},"end":{"line":11,"column":5}},"locations":[{"start":{"line":7,"column":12},"end":{"line":11,"column":5}}]},"2":{"type":"branch","line":8,"loc":{"start":{"line":8,"column":32},"end":{"line":8,"column":74}},"locations":[{"start":{"line":8,"column":32},"end":{"line":8,"column":74}}]},"3":{"type":"branch","line":10,"loc":{"start":{"line":10,"column":11},"end":{"line":10,"column":76}},"locations":[{"start":{"line":10,"column":11},"end":{"line":10,"column":76}}]}},"b":{"0":[5],"1":[3],"2":[2],"3":[3]},"fnMap":{"0":{"name":"useVerifyAuth","decl":{"start":{"line":4,"column":29},"end":{"line":14,"column":2}},"loc":{"start":{"line":4,"column":29},"end":{"line":14,"column":2}},"line":4},"1":{"name":"handleStorageChange","decl":{"start":{"line":8,"column":32},"end":{"line":8,"column":74}},"loc":{"start":{"line":8,"column":32},"end":{"line":8,"column":74}},"line":8}},"f":{"0":5,"1":2}}
,"/Users/chimezienwagbo/lendsqr-fe-test/src/features/auth/types/loginTypes.ts": {"path":"/Users/chimezienwagbo/lendsqr-fe-test/src/features/auth/types/loginTypes.ts","all":true,"statementMap":{},"s":{},"branchMap":{"0":{"type":"branch","line":1,"loc":{"start":{"line":1,"column":188},"end":{"line":14,"column":2}},"locations":[{"start":{"line":1,"column":188},"end":{"line":14,"column":2}}]}},"b":{"0":[1]},"fnMap":{"0":{"name":"(empty-report)","decl":{"start":{"line":1,"column":188},"end":{"line":14,"column":2}},"loc":{"start":{"line":1,"column":188},"end":{"line":14,"column":2}},"line":1}},"f":{"0":1}}
,"/Users/chimezienwagbo/lendsqr-fe-test/src/features/users/api/users.ts": {"path":"/Users/chimezienwagbo/lendsqr-fe-test/src/features/users/api/users.ts","all":false,"statementMap":{"0":{"start":{"line":1,"column":0},"end":{"line":1,"column":54}},"4":{"start":{"line":5,"column":0},"end":{"line":5,"column":80}},"6":{"start":{"line":7,"column":0},"end":{"line":7,"column":26}},"7":{"start":{"line":8,"column":0},"end":{"line":8,"column":61}},"8":{"start":{"line":9,"column":0},"end":{"line":9,"column":55}},"10":{"start":{"line":11,"column":0},"end":{"line":11,"column":37}},"11":{"start":{"line":12,"column":0},"end":{"line":12,"column":30}},"12":{"start":{"line":13,"column":0},"end":{"line":13,"column":52}},"13":{"start":{"line":14,"column":0},"end":{"line":14,"column":4}},"15":{"start":{"line":16,"column":0},"end":{"line":16,"column":64}},"16":{"start":{"line":17,"column":0},"end":{"line":17,"column":58}},"17":{"start":{"line":18,"column":0},"end":{"line":18,"column":48}},"18":{"start":{"line":19,"column":0},"end":{"line":19,"column":33}},"19":{"start":{"line":20,"column":0},"end":{"line":20,"column":4}},"21":{"start":{"line":22,"column":0},"end":{"line":22,"column":26}},"22":{"start":{"line":23,"column":0},"end":{"line":23,"column":50}},"23":{"start":{"line":24,"column":0},"end":{"line":24,"column":36}},"24":{"start":{"line":25,"column":0},"end":{"line":25,"column":74}},"25":{"start":{"line":26,"column":0},"end":{"line":26,"column":56}},"26":{"start":{"line":27,"column":0},"end":{"line":27,"column":58}},"28":{"start":{"line":29,"column":0},"end":{"line":29,"column":28}},"29":{"start":{"line":30,"column":0},"end":{"line":30,"column":17}},"30":{"start":{"line":31,"column":0},"end":{"line":31,"column":18}},"31":{"start":{"line":32,"column":0},"end":{"line":32,"column":21}},"32":{"start":{"line":33,"column":0},"end":{"line":33,"column":23}},"33":{"start":{"line":34,"column":0},"end":{"line":34,"column":7}},"34":{"start":{"line":35,"column":0},"end":{"line":35,"column":4}},"35":{"start":{"line":36,"column":0},"end":{"line":36,"column":2}}},"s":{"0":1,"4":1,"6":1,"7":1,"8":3,"10":3,"11":3,"12":3,"13":3,"15":1,"16":2,"17":2,"18":2,"19":2,"21":1,"22":1,"23":1,"24":1,"25":1,"26":1,"28":1,"29":1,"30":1,"31":1,"32":1,"33":1,"34":1,"35":1},"branchMap":{"0":{"type":"branch","line":5,"loc":{"start":{"line":5,"column":14},"end":{"line":5,"column":80}},"locations":[{"start":{"line":5,"column":14},"end":{"l
[...]
},"62":{"start":{"line":63,"column":0},"end":{"line":63,"column":36}},"63":{"start":{"line":64,"column":0},"end":{"line":64,"column":22}},"64":{"start":{"line":65,"column":0},"end":{"line":65,"column":45}},"65":{"start":{"line":66,"column":0},"end":{"line":66,"column":17}},"66":{"start":{"line":67,"column":0},"end":{"line":67,"column":17}},"67":{"start":{"line":68,"column":0},"end":{"line":68,"column":16}},"70":{"start":{"line":71,"column":0},"end":{"line":71,"column":71}},"71":{"start":{"line":72,"column":0},"end":{"line":72,"column":49}},"72":{"start":{"line":73,"column":0},"end":{"line":73,"column":47}},"73":{"start":{"line":74,"column":0},"end":{"line":74,"column":17}},"74":{"start":{"line":75,"column":0},"end":{"line":75,"column":45}},"75":{"start":{"line":76,"column":0},"end":{"line":76,"column":44}},"76":{"start":{"line":77,"column":0},"end":{"line":77,"column":63}},"77":{"start":{"line":78,"column":0},"end":{"line":78,"column":67}},"78":{"start":{"line":79,"column":0},"end":{"line":79,"column":19}},"80":{"start":{"line":81,"column":0},"end":{"line":81,"column":15}},"81":{"start":{"line":82,"column":0},"end":{"line":82,"column":31}},"82":{"start":{"line":83,"column":0},"end":{"line":83,"column":40}},"83":{"start":{"line":84,"column":0},"end":{"line":84,"column":41}},"85":{"start":{"line":86,"column":0},"end":{"line":86,"column":48}},"86":{"start":{"line":87,"column":0},"end":{"line":87,"column":20}},"87":{"start":{"line":88,"column":0},"end":{"line":88,"column":28}},"88":{"start":{"line":89,"column":0},"end":{"line":89,"column":28}},"89":{"start":{"line":90,"column":0},"end":{"line":90,"column":37}},"90":{"start":{"line":91,"column":0},"end":{"line":91,"column":43}},"91":{"start":{"line":92,"column":0},"end":{"line":92,"column":64}},"92":{"start":{"line":93,"column":0},"end":{"line":93,"column":24}},"93":{"start":{"line":94,"column":0},"end":{"line":94,"column":35}},"94":{"start":{"line":95,"column":0},"end":{"line":95,"column":16}},"95":{"start":{"line":96,"column":0},"end":{"line":96,"column":18}},"97":{"start":{"line":98,"column":0},"end":{"line":98,"column":48}},"98":{"start":{"line":99,"column":0},"end":{"line":99,"column":20}},"99":{"start":{"line":100,"column":0},"end":{"line":100,"column":31}},"100":{"start":{"line":101,"column":0},"end":{"line":101,"column":31}},"101":{"start":{"line":102,"column":0},"end":{"line":102,"column":40}},"102":{"start":{"line":103,"column":0},"end":{"line":103,"column":46}},"103":{"start":{"line":104,"column":0},"end":{"line":104,"column":67}},"104":{"start":{"line":105,"column":0},"end":{"line":105,"column":24}},"105":{"start":{"line":106,"column":0},"end":{"line":106,"column":38}},"106":{"start":{"line":107,"column":0},"end":{"line":107,"column":16}},"107":{"start":{"line":108,"column":0},"end":{"line":108,"column":18}},"109":{"start":{"line":110,"column":0},"end":{"line":110,"column":61}},"110":{"start":{"line":111,"column":0},"end":{"line":111,"column":53}},"111":{"start":{"line":112,"column":0},"end":{"line":112,"column":75}},"112":{"start":{"line":113,"column":0},"end":{"line":113,"column":21}},"113":{"start":{"line":114,"column":0},"end":{"line":114,"column":17}},"114":{"start":{"line":115,"column":0},"end":{"line":115,"column":14}},"115":{"start":{"line":116,"column":0},"end":{"line":116,"column":16}},"116":{"start":{"line":117,"column":0},"end":{"line":117,"column":11}},"118":{"start":{"line":119,"column":0},"end":{"line":119,"column":2}},"120":{"start":{"line":121,"column":0},"end":{"line":121,"column":21}}},"s":{"0":1,"1":1,"2":1,"3":1,"5":1,"6":1,"7":1,"8":1,"10":1,"12":1,"13":7,"15":7,"16":7,"17":7,"18":7,"19":7,"20":7,"21":7,"22":7,"24":7,"25":0,"26":0,"28":7,"29":0,"30":0,"32":7,"33":1,"34":1,"35":1,"36":1,"37":0,"39":1,"40":1,"42":0,"43":1,"45":7,"46":6,"47":6,"48":6,"49":6,"50":7,"52":7,"53":7,"55":7,"56":7,"57":7,"58":7,"60":7,"61":7,"62":7,"63":7,"64":7,"65":7,"66":7,"67":7,"70":7,"71":7,"72":7,"73":7,"74":7,"75":7,"76":7,"77":7,"78":7,"80":7,"81":7,"82":7,"83":7,"85":7,"86":7,"87":7,"88":7,"89":7,"90":7,"91":7,"92":7,"93":7,"94":7,"95":7,"97":7,"98":7,"99":7,"100":7,"101":7,"102":7,"103":7,"104":7,"105":7,"106":7,"107":7,"109":7,"110":7,"111":7,"112":7,"113":7,"114":7,"115":7,"116":7,"118":7,"120":1},"branchMap":{"0":{"type":"branch","line":13,"loc":{"start":{"line":13,"column":14},"end":{"line":119,"column":2}},"locations":[{"start":{"line":13,"column":14},"end":{"line":119,"column":2}}]},"1":{"type":"branch","line":112,"loc":{"start":{"line":112,"column":15},"end":{"line":112,"column":52}},"locations":[{"start":{"line":112,"column":15},"end":{"line":112,"column":52}}]},"2":{"type":"branch","line":33,"loc":{"start":{"line":33,"column":19},"end":{"line":44,"column":4}},"locations":[{"start":{"line":33,"column":19},"end":{"line":44,"column":4}}]},"3":{"type":"branch","line":35,"loc":{"start":{"line":35,"column":15},"end":{"line":35,"column":45}},"locations":[{"start":{"line":35,"column":15},"end":{"line":35,"column":45}}]},"4":{"type":"branch","line":37,"loc":{"start":{"line":37,"column":50},"end":{"line":38,"column":58}},"locations":[{"start":{"line":37,"column":50},"end":{"line":38,"column":58}}]},"5":{"type":"branch","line":41,"loc":{"start":{"line":41,"column":4},"end":{"line":43,"column":70}},"locations":[{"start":{"line":41,"column":4},"end":{"line":43,"column":70}}]},"6":{"type":"branch","line":46,"loc":{"start":{"line":46,"column":12},"end":{"line":51,"column":5}},"locations":[{"start":{"line":46,"column":12},"end":{"line":51,"column":5}}]}},"b":{"0":[7],"1":[0],"2":[1],"3":[0],"4":[0],"5":[0],"6":[6]},"fnMap":{"0":{"name":"Login","decl":{"start":{"line":13,"column":14},"end":{"line":119,"column":2}},"loc":{"start":{"line":13,"column":14},"end":{"line":119,"column":2}},"line":13},"1":{"name":"handleInputEmail","decl":{"start":{"line":25,"column":27},"end":{"line":27,"column":4}},"loc":{"start":{"line":25,"column":27},"end":{"line":27,"column":4}},"line":25},"2":{"name":"handleInputPassword","decl":{"start":{"line":29,"column":30},"end":{"line":31,"column":4}},"loc":{"start":{"line":29,"column":30},"end":{"line":31,"column":4}},"line":29},"3":{"name":"onSubmit","decl":{"start":{"line":33,"column":19},"end":{"line":44,"column":4}},"loc":{"start":{"line":33,"column":19},"end":{"line":44,"column":4}},"line":33}},"f":{"0":7,"1":0,"2":0,"3":1}}
,"/Users/chimezienwagbo/lendsqr-fe-test/src/pages/notAvailable/NotAvailable.tsx": {"path":"/Users/chimezienwagbo/lendsqr-fe-test/src/pages/notAvailable/NotAvailable.tsx","all":true,"statementMap":{"0":{"start":{"line":1,"column":0},"end":{"line":1,"column":29}},"2":{"start":{"line":3,"column":0},"end":{"line":3,"column":28}},"3":{"start":{"line":4,"column":0},"end":{"line":4,"column":10}},"4":{"start":{"line":5,"column":0},"end":{"line":5,"column":43}},"5":{"start":{"line":6,"column":0},"end":{"line":6,"column":39}},"6":{"start":{"line":7,"column":0},"end":{"line":7,"column":66}},"7":{"start":{"line":8,"column":0},"end":{"line":8,"column":10}},"9":{"start":{"line":10,"column":0},"end":{"line":10,"column":2}},"11":{"start":{"line":12,"column":0},"end":{"line":12,"column":28}}},"s":{"0":0,"2":0,"3":0,"4":0,"5":0,"6":0,"7":0,"9":0,"11":0},"branchMap":{"0":{"type":"branch","line":1,"loc":{"start":{"line":1,"column":270},"end":{"line":12,"column":28}},"locations":[{"start":{"line":1,"column":270},"end":{"line":12,"column":28}}]}},"b":{"0":[0]},"fnMap":{"0":{"name":"(empty-report)","decl":{"start":{"line":1,"column":270},"end":{"line":12,"column":28}},"loc":{"start":{"line":1,"column":270},"end":{"line":12,"column":28}},"line":1}},"f":{"0":0}}
,"/Users/chimezienwagbo/lendsqr-fe-test/src/pages/userDetails/UserDetails.tsx": {"path":"/Users/chimezienwagbo/lendsqr-fe-test/src/pages/userDetails/UserDetails.tsx","all":true,"statementMap":{"0":{"start":{"line":1,"column":0},"end":{"line":1,"column":51}},"1":{"start":{"line":2,"column":0},"end":{"line":2,"column":28}},"5":{"start":{"line":6,"column":0},"end":{"line":6,"column":97}},"6":{"start":{"line":7,"column":0},"end":{"line":7,"column":103}},"7":{"start":{"line":8,"column":0},"end":{"line":8,"column":103}},"9":{"start":{"line":10,"column":0},"end":{"line":10,"column":37}},"10":{"start":{"line":11,"column":0},"end":{"line":11,"column":58}},"12":{"start":{"line":13,"column":0},"end":{"line":13,"column":19}},"13":{"start":{"line":14,"column":0},"end":{"line":14,"column":60}},"14":{"start":{"line":15,"column":0},"end":{"line":15,"column":52}},"15":{"start":{"line":16,"column":0},"end":{"line":16,"column":9}},"17":{"start":{"line":18,"column":0},"end":{"line":18,"column":51}},"19":{"start":{"line":20,"column":0},"end":{"line":20,"column":10}},"20":{"start":{"line":21,"column":0},"end":{"line":21,"column":34}},"21":{"start":{"line":22,"column":0},"end":{"line":22,"column":22}},"22":{"start":{"line":23,"column":0},"end":{"line":23,"column":36}},"24":{"start":{"line":25,"column":0},"end":{"line":25,"column":36}},"25":{"start":{"line":26,"column":0},"end":{"line":26,"column":10}},"27":{"start":{"line":28,"column":0},"end":{"line":28,"column":2}},"29":{"start":{"line":30,"column":0},"end":{"line":30,"column":27}}},"s":{"0":0,"1":0,"5":0,"6":0,"7":0,"9":0,"10":0,"12":0,"13":0,"14":0,"15":0,"17":0,"19":0,"20":0,"21":0,"22":0,"24":0,"25":0,"27":0,"29":0},"branchMap":{"0":{"type":"branch","line":1,"loc":{"start":{"line":1,"column":1007},"end":{"line":30,"column":27}},"locations":[{"start":{"line":1,"column":1007},"end":{"line":30,"column":27}}]}},"b":{"0":[0]},"fnMap":{"0":{"name":"(empty-report)","decl":{"start":{"line":1,"column":1007},"end":{"line":30,"column":27}},"loc":{"start":{"line":1,"column":1007},"end":{"line":30,"column":27}},"line":1}},"f":{"0":0}}
,"/Users/chimezienwagbo/lendsqr-fe-test/src/pages/users/Users.tsx": {"path":"/Users/chimezienwagbo/lendsqr-fe-test/src/pages/users/Users.tsx","all":true,"statementMap":{"0":{"start":{"line":1,"column":0},"end":{"line":1,"column":22}},"2":{"start":{"line":3,"column":0},"end":{"line":3,"column":26}},"3":{"start":{"line":4,"column":0},"end":{"line":4,"column":82}},"4":{"start":{"line":5,"column":0},"end":{"line":5,"column":76}},"5":{"start":{"line":6,"column":0},"end":{"line":6,"column":72}},"7":{"start":{"line":8,"column":0},"end":{"line":8,"column":85}},"9":{"start":{"line":10,"column":0},"end":{"line":10,"column":31}},"10":{"start":{"line":11,"column":0},"end":{"line":11,"column":56}},"12":{"start":{"line":13,"column":0},"end":{"line":13,"column":39}},"13":{"start":{"line":14,"column":0},"end":{"line":14,"column":65}},"15":{"start":{"line":16,"column":0},"end":{"line":16,"column":10}},"16":{"start":{"line":17,"column":0},"end":{"line":17,"column":40}},"17":{"start":{"line":18,"column":0},"end":{"line":18,"column":52}},"18":{"start":{"line":19,"column":0},"end":{"line":19,"column":44}},"19":{"start":{"line":20,"column":0},"end":{"line":20,"column":10}},"21":{"start":{"line":22,"column":0},"end":{"line":22,"column":2}},"23":{"start":{"line":24,"column":0},"end":{"line":24,"column":21}}},"s":{"0":0,"2":0,"3":0,"4":0,"5":0,"7":0,"9":0,"10":0,"12":0,"13":0,"15":0,"16":0,"17":0,"18":0,"19":0,"21":0,"23":0},"branchMap":{"0":{"type":"branch","line":1,"loc":{"start":{"line":1,"column":760},"end":{"line":24,"column":21}},"locations":[{"start":{"line":1,"column":760},"end":{"line":24,"column":21}}]}},"b":{"0":[0]},"fnMap":{"0":{"name":"(empty-report)","decl":{"start":{"line":1,"column":760},"end":{"line":24,"column":21}},"loc":{"start":{"line":1,"column":760},"end":{"line":24,"column":21}},"line":1}},"f":{"0":0}}
,"/Users/chimezienwagbo/lendsqr-fe-test/src/routes/AppRouter.tsx": {"path":"/Users/chimezienwagbo/lendsqr-fe-test/src/routes/AppRouter.tsx","all":true,"statementMap":{"0":{"start":{"line":1,"column":0},"end":{"line":1,"column":8}},"7":{"start":{"line":8,"column":0},"end":{"line":8,"column":41}},"8":{"start":{"line":9,"column":0},"end":{"line":9,"column":41}},"9":{"start":{"line":10,"column":0},"end":{"line":10,"column":59}},"10":{"start":{"line":11,"column":0},"end":{"line":11,"column":62}},"11":{"start":{"line":12,"column":0},"end":{"line":12,"column":48}},"12":{"start":{"line":13,"column":0},"end":{"line":13,"column":54}},"13":{"start":{"line":14,"column":0},"end":{"line":14,"column":50}},"15":{"start":{"line":16,"column":0},"end":{"line":16,"column":25}},"16":{"start":{"line":17,"column":0},"end":{"line":17,"column":35}},"18":{"start":{"line":19,"column":0},"end":{"line":19,"column":47}},"19":{"start":{"line":20,"column":0},"end":{"line":20,"column":16}},"20":{"start":{"line":21,"column":0},"end":{"line":21,"column":71}},"21":{"start":{"line":22,"column":0},"end":{"line":22,"column":4}},"24":{"start":{"line":25,"column":0},"end":{"line":25,"column":53}},"26":{"start":{"line":27,"column":0},"end":{"line":27,"column":10}},"27":{"start":{"line":28,"column":0},"end":{"line":28,"column":12}},"28":{"start":{"line":29,"column":0},"end":{"line":29,"column":14}},"30":{"start":{"line":31,"column":0},"end":{"line":31,"column":61}},"32":{"start":{"line":33,"column":0},"end":{"line":33,"column":51}},"34":{"start":{"line":35,"column":0},"end":{"line":35,"column":20}},"35":{"start":{"line":36,"column":0},"end":{"line":36,"column":41}},"37":{"start":{"line":38,"column":0},"end":{"line":38,"column":66}},"38":{"start":{"line":39,"column":0},"end":{"line":39,"column":55}},"39":{"start":{"line":40,"column":0},"end":{"line":40,"column":65}},"42":{"start":{"line":43,"column":0},"end":{"line":43,"column":34}},"43":{"start":{"line":44,"column":0},"end":{"line":44,"column":23}},"44":{"start":{"line":45,"column":0},"end":{"line":45,"column":55}},"45":{"start":{"line":46,"column":0},"end":{"line":46,"column":78}},"47":{"start":{"line":48,"column":0},"end":{"line":48,"column":14}},"48":{"start":{"line":49,"column":0},"end":{"line":49,"column":18}},"52":{"start":{"line":53,"column":0},"end":{"line":53,"column":56}},"53":{"start":{"line":54,"column":0},"end":{"line":54,"column":15}},"54":{"start":{"line":55,"column":0},"end":{"line":55,"column":13}},"56":{"start":{"line":57,"column":0},"end":{"line":57,"column":2}},"58":{"start":{"line":59,"column":0},"end":{"line":59,"column":25}}},"s":{"0":0,"7":0,"8":0,"9":0,"10":0,"11":0,"12":0,"13":0,"15":0,"16":0,"18":0,"19":0,"20":0,"21":0,"24":0,"26":0,"27":0,"28":0,"30":0,"32":0,"34":0,"35":0,"37":0,"38":0,"39":0,"42":0,"43":0,"44":0,"45":0,"47":0,"48":0,"52":0,"53":0,"54":0,"56":0,"58":0},"branchMap":{"0":{"type":"branch","line":1,"loc":{"start":{"line":1,"column":1686},"end":{"line":59,"column":25}},"locations":[{"start":{"line":1,"column":1686},"end":{"line":59,"column":25}}]}},"b":{"0":[0]},"fnMap":{"0":{"name":"(empty-report)","decl":{"start":{"line":1,"column":1686},"end":{"line":59,"column":25}},"loc":{"start":{"line":1,"column":1686},"end":{"line":59,"column":25}},"line":1}},"f":{"0":0}}
,"/Users/chimezienwagbo/lendsqr-fe-test/src/utils/auth.ts": {"path":"/Users/chimezienwagbo/lendsqr-fe-test/src/utils/auth.ts","all":false,"statementMap":{"0":{"start":{"line":1,"column":0},"end":{"line":1,"column":47}},"1":{"start":{"line":2,"column":0},"end":{"line":2,"column":55}},"2":{"start":{"line":3,"column":0},"end":{"line":3,"column":52}},"3":{"start":{"line":4,"column":0},"end":{"line":4,"column":2}},"5":{"start":{"line":6,"column":0},"end":{"line":6,"column":35}},"6":{"start":{"line":7,"column":0},"end":{"line":7,"column":41}},"7":{"start":{"line":8,"column":0},"end":{"line":8,"column":2}}},"s":{"0":1,"1":7,"2":7,"3":7,"5":1,"6":0,"7":0},"branchMap":{"0":{"type":"branch","line":1,"loc":{"start":{"line":1,"column":31},"end":{"line":4,"column":2}},"locations":[{"start":{"line":1,"column":31},"end":{"line":4,"column":2}}]}},"b":{"0":[7]},"fnMap":{"0":{"name":"isAuthenticated","decl":{"start":{"line":1,"column":31},"end":{"line":4,"column":2}},"loc":{"start":{"line":1,"column":31},"end":{"line":4,"column":2}},"line":1},"1":{"name":"logout","decl":{"start":{"line":6,"column":22},"end":{"line":8,"column":2}},"loc":{"start":{"line":6,"column":22},"end":{"line":8,"column":2}},"line":6}},"f":{"0":7,"1":0}}
,"/Users/chimezienwagbo/lendsqr-fe-test/src/utils/formatter.ts": {"path":"/Users/chimezienwagbo/lendsqr-fe-test/src/utils/formatter.ts","all":false,"statementMap":{"0":{"start":{"line":1,"column":0},"end":{"line":1,"column":59}},"1":{"start":{"line":2,"column":0},"end":{"line":2,"column":36}},"2":{"start":{"line":3,"column":0},"end":{"line":3,"column":39}},"3":{"start":{"line":4,"column":0},"end":{"line":4,"column":19}},"4":{"start":{"line":5,"column":0},"end":{"line":5,"column":19}},"5":{"start":{"line":6,"column":0},"end":{"line":6,"column":20}},"6":{"start":{"line":7,"column":0},"end":{"line":7,"column":20}},"7":{"start":{"line":8,"column":0},"end":{"line":8,"column":22}},"8":{"start":{"line":9,"column":0},"end":{"line":9,"column":17}},"9":{"start":{"line":10,"column":0},"end":{"line":10,"column":5}},"10":{"start":{"line":11,"column":0},"end":{"line":11,"column":2}},"12":{"start":{"line":13,"column":0},"end":{"line":13,"column":27}},"13":{"start":{"line":14,"column":0},"end":{"line":14,"column":15}},"14":{"start":{"line":15,"column":0},"end":{"line":15,"column":51}},"15":{"start":{"line":16,"column":0},"end":{"line":16,"column":6}},"17":{"start":{"line":18,"column":0},"end":{"line":18,"column":68}},"19":{"start":{"line":20,"column":0},"end":{"line":20,"column":29}},"20":{"start":{"line":21,"column":0},"end":{"line":21,"column":41}},"21":{"start":{"line":22,"column":0},"end":{"line":22,"column":3}},"24":{"start":{"line":25,"column":0},"end":{"line":25,"column":14}},"25":{"start":{"line":26,"column":0},"end":{"line":26,"column":64}},"26":{"start":{"line":27,"column":0},"end":{"line":27,"column":15}},"27":{"start":{"line":28,"column":0},"end":{"line":28,"column":2}}},"s":{"0":1,"1":0,"2":0,"3":0,"4":0,"5":0,"6":0,"7":0,"8":0,"9":0,"10":0,"12":1,"13":92,"14":92,"15":92,"17":92,"19":92,"20":92,"21":92,"24":0,"25":0,"26":0,"27":0},"branchMap":{"0":{"type":"branch","line":13,"loc":{"start":{"line":13,"column":26},"end":{"line":28,"column":2}},"locations":[{"start":{"line":13,"column":26},"end":{"line":28,"column":2}}]},"1":{"type":"branch","line":22,"loc":{"start":{"line":22,"column":2},"end":{"line":28,"column":2}},"locations":[{"start":{"line":22,"column":2},"end":{"line":28,"column":2}}]}},"b":{"0":[92],"1":[0]},"fnMap":{"0":{"name":"formatDate","decl":{"start":{"line":1,"column":26},"end":{"line":11,"column":2}},"loc":{"start":{"line":1,"column":26},"end":{"line":11,"column":2}},"line":1},"1":{"name":"formatText","decl":{"start":{"line":13,"column":26},"end":{"line":28,"column":2}},"loc":{"start":{"line":13,"column":26},"end":{"line":28,"column":2}},"line":13}},"f":{"0":0,"1":92}}
,"/Users/chimezienwagbo/lendsqr-fe-test/src/utils/storage.ts": {"path":"/Users/chimezienwagbo/lendsqr-fe-test/src/utils/storage.ts","all":true,"statementMap":{"0":{"start":{"line":1,"column":0},"end":{"line":1,"column":41}},"1":{"start":{"line":2,"column":0},"end":{"line":2,"column":53}},"2":{"start":{"line":3,"column":0},"end":{"line":3,"column":27}},"4":{"start":{"line":5,"column":0},"end":{"line":5,"column":7}},"5":{"start":{"line":6,"column":0},"end":{"line":6,"column":38}},"6":{"start":{"line":7,"column":0},"end":{"line":7,"column":31}},"7":{"start":{"line":8,"column":0},"end":{"line":8,"column":19}},"8":{"start":{"line":9,"column":0},"end":{"line":9,"column":61}},"9":{"start":{"line":10,"column":0},"end":{"line":10,"column":16}},"10":{"start":{"line":11,"column":0},"end":{"line":11,"column":3}},"11":{"start":{"line":12,"column":0},"end":{"line":12,"column":2}}},"s":{"0":0,"1":0,"2":0,"4":0,"5":0,"6":0,"7":0,"8":0,"9":0,"10":0,"11":0},"branchMap":{"0":{"type":"branch","line":1,"loc":{"start":{"line":1,"column":309},"end":{"line":12,"column":2}},"locations":[{"start":{"line":1,"column":309},"end":{"line":12,"column":2}}]}},"b":{"0":[0]},"fnMap":{"0":{"name":"(empty-report)","decl":{"start":{"line":1,"column":309},"end":{"line":12,"column":2}},"loc":{"start":{"line":1,"column":309},"end":{"line":12,"column":2}},"line":1}},"f":{"0":0}}
}
